<?xml version="1.0" encoding="UTF-8"?>
<testsuite xmlns:xsi="http://www.w3.org/2001/XMLSchema-instance" xsi:noNamespaceSchemaLocation="https://maven.apache.org/surefire/maven-surefire-plugin/xsd/surefire-test-report-3.0.xsd" version="3.0" name="com.sofka.sofkatransactionconsumer.SofkaTransactionConsumerApplicationTests" time="3.241" tests="1" errors="0" skipped="0" failures="0">
  <properties>
    <property name="java.specification.version" value="17"/>
    <property name="sun.cpu.isalist" value="amd64"/>
    <property name="sun.jnu.encoding" value="Cp1252"/>
    <property name="java.class.path" value="C:\Users\josek\Documents\code\SOFKA\prueba_tecnica\sofka-transaction-consumer\target\test-classes;C:\Users\josek\Documents\code\SOFKA\prueba_tecnica\sofka-transaction-consumer\target\classes;C:\Users\josek\.m2\repository\org\springframework\boot\spring-boot-starter-data-mongodb\3.3.2\spring-boot-starter-data-mongodb-3.3.2.jar;C:\Users\josek\.m2\repository\org\springframework\boot\spring-boot-starter\3.3.2\spring-boot-starter-3.3.2.jar;C:\Users\josek\.m2\repository\org\springframework\boot\spring-boot\3.3.2\spring-boot-3.3.2.jar;C:\Users\josek\.m2\repository\org\springframework\boot\spring-boot-autoconfigure\3.3.2\spring-boot-autoconfigure-3.3.2.jar;C:\Users\josek\.m2\repository\org\springframework\boot\spring-boot-starter-logging\3.3.2\spring-boot-starter-logging-3.3.2.jar;C:\Users\josek\.m2\repository\org\apache\logging\log4j\log4j-to-slf4j\2.23.1\log4j-to-slf4j-2.23.1.jar;C:\Users\josek\.m2\repository\org\apache\logging\log4j\log4j-api\2.23.1\log4j-api-2.23.1.jar;C:\Users\josek\.m2\repository\org\slf4j\jul-to-slf4j\2.0.13\jul-to-slf4j-2.0.13.jar;C:\Users\josek\.m2\repository\jakarta\annotation\jakarta.annotation-api\2.1.1\jakarta.annotation-api-2.1.1.jar;C:\Users\josek\.m2\repository\org\yaml\snakeyaml\2.2\snakeyaml-2.2.jar;C:\Users\josek\.m2\repository\org\mongodb\mongodb-driver-sync\5.0.1\mongodb-driver-sync-5.0.1.jar;C:\Users\josek\.m2\repository\org\mongodb\bson\5.0.1\bson-5.0.1.jar;C:\Users\josek\.m2\repository\org\mongodb\mongodb-driver-core\5.0.1\mongodb-driver-core-5.0.1.jar;C:\Users\josek\.m2\repository\org\mongodb\bson-record-codec\5.0.1\bson-record-codec-5.0.1.jar;C:\Users\josek\.m2\repository\org\springframework\data\spring-data-mongodb\4.3.2\spring-data-mongodb-4.3.2.jar;C:\Users\josek\.m2\repository\org\springframework\spring-beans\6.1.11\spring-beans-6.1.11.jar;C:\Users\josek\.m2\repository\org\springframework\spring-expression\6.1.11\spring-expression-6.1.11.jar;C:\Users\josek\.m2\repository\org\springframework\data\spring-data-commons\3.3.2\spring-data-commons-3.3.2.jar;C:\Users\josek\.m2\repository\org\slf4j\slf4j-api\2.0.13\slf4j-api-2.0.13.jar;C:\Users\josek\.m2\repository\org\springframework\kafka\spring-kafka\3.2.2\spring-kafka-3.2.2.jar;C:\Users\josek\.m2\repository\org\springframework\spring-context\6.1.11\spring-context-6.1.11.jar;C:\Users\josek\.m2\repository\org\springframework\spring-aop\6.1.11\spring-aop-6.1.11.jar;C:\Users\josek\.m2\repository\org\springframework\spring-messaging\6.1.11\spring-messaging-6.1.11.jar;C:\Users\josek\.m2\repository\org\springframework\spring-tx\6.1.11\spring-tx-6.1.11.jar;C:\Users\josek\.m2\repository\org\springframework\retry\spring-retry\2.0.7\spring-retry-2.0.7.jar;C:\Users\josek\.m2\repository\org\apache\kafka\kafka-clients\3.7.1\kafka-clients-3.7.1.jar;C:\Users\josek\.m2\repository\com\github\luben\zstd-jni\1.5.6-3\zstd-jni-1.5.6-3.jar;C:\Users\josek\.m2\repository\org\lz4\lz4-java\1.8.0\lz4-java-1.8.0.jar;C:\Users\josek\.m2\repository\org\xerial\snappy\snappy-java\1.1.10.5\snappy-java-1.1.10.5.jar;C:\Users\josek\.m2\repository\io\micrometer\micrometer-observation\1.13.2\micrometer-observation-1.13.2.jar;C:\Users\josek\.m2\repository\io\micrometer\micrometer-commons\1.13.2\micrometer-commons-1.13.2.jar;C:\Users\josek\.m2\repository\org\springframework\boot\spring-boot-starter-test\3.3.2\spring-boot-starter-test-3.3.2.jar;C:\Users\josek\.m2\repository\org\springframework\boot\spring-boot-test\3.3.2\spring-boot-test-3.3.2.jar;C:\Users\josek\.m2\repository\org\springframework\boot\spring-boot-test-autoconfigure\3.3.2\spring-boot-test-autoconfigure-3.3.2.jar;C:\Users\josek\.m2\repository\com\jayway\jsonpath\json-path\2.9.0\json-path-2.9.0.jar;C:\Users\josek\.m2\repository\jakarta\xml\bind\jakarta.xml.bind-api\4.0.2\jakarta.xml.bind-api-4.0.2.jar;C:\Users\josek\.m2\repository\jakarta\activation\jakarta.activation-api\2.1.3\jakarta.activation-api-2.1.3.jar;C:\Users\josek\.m2\repository\net\minidev\json-smart\2.5.1\json-smart-2.5.1.jar;C:\Users\josek\.m2\repository\net\minidev\accessors-smart\2.5.1\accessors-smart-2.5.1.jar;C:\Users\josek\.m2\repository\org\ow2\asm\asm\9.6\asm-9.6.jar;C:\Users\josek\.m2\repository\org\assertj\assertj-core\3.25.3\assertj-core-3.25.3.jar;C:\Users\josek\.m2\repository\net\bytebuddy\byte-buddy\1.14.18\byte-buddy-1.14.18.jar;C:\Users\josek\.m2\repository\org\awaitility\awaitility\4.2.1\awaitility-4.2.1.jar;C:\Users\josek\.m2\repository\org\hamcrest\hamcrest\2.2\hamcrest-2.2.jar;C:\Users\josek\.m2\repository\org\junit\jupiter\junit-jupiter\5.10.3\junit-jupiter-5.10.3.jar;C:\Users\josek\.m2\repository\org\junit\jupiter\junit-jupiter-params\5.10.3\junit-jupiter-params-5.10.3.jar;C:\Users\josek\.m2\repository\org\junit\jupiter\junit-jupiter-engine\5.10.3\junit-jupiter-engine-5.10.3.jar;C:\Users\josek\.m2\repository\org\mockito\mockito-core\5.11.0\mockito-core-5.11.0.jar;C:\Users\josek\.m2\repository\net\bytebuddy\byte-buddy-agent\1.14.18\byte-buddy-agent-1.14.18.jar;C:\Users\josek\.m2\repository\org\objenesis\objenesis\3.3\objenesis-3.3.jar;C:\Users\josek\.m2\repository\org\mockito\mockito-junit-jupiter\5.11.0\mockito-junit-jupiter-5.11.0.jar;C:\Users\josek\.m2\repository\org\skyscreamer\jsonassert\1.5.3\jsonassert-1.5.3.jar;C:\Users\josek\.m2\repository\com\vaadin\external\google\android-json\0.0.20131108.vaadin1\android-json-0.0.20131108.vaadin1.jar;C:\Users\josek\.m2\repository\org\springframework\spring-core\6.1.11\spring-core-6.1.11.jar;C:\Users\josek\.m2\repository\org\springframework\spring-jcl\6.1.11\spring-jcl-6.1.11.jar;C:\Users\josek\.m2\repository\org\springframework\spring-test\6.1.11\spring-test-6.1.11.jar;C:\Users\josek\.m2\repository\org\xmlunit\xmlunit-core\2.9.1\xmlunit-core-2.9.1.jar;C:\Users\josek\.m2\repository\org\springframework\kafka\spring-kafka-test\3.2.2\spring-kafka-test-3.2.2.jar;C:\Users\josek\.m2\repository\org\apache\zookeeper\zookeeper\3.8.4\zookeeper-3.8.4.jar;C:\Users\josek\.m2\repository\org\apache\zookeeper\zookeeper-jute\3.8.4\zookeeper-jute-3.8.4.jar;C:\Users\josek\.m2\repository\org\apache\yetus\audience-annotations\0.12.0\audience-annotations-0.12.0.jar;C:\Users\josek\.m2\repository\io\netty\netty-handler\4.1.111.Final\netty-handler-4.1.111.Final.jar;C:\Users\josek\.m2\repository\io\netty\netty-common\4.1.111.Final\netty-common-4.1.111.Final.jar;C:\Users\josek\.m2\repository\io\netty\netty-resolver\4.1.111.Final\netty-resolver-4.1.111.Final.jar;C:\Users\josek\.m2\repository\io\netty\netty-buffer\4.1.111.Final\netty-buffer-4.1.111.Final.jar;C:\Users\josek\.m2\repository\io\netty\netty-transport\4.1.111.Final\netty-transport-4.1.111.Final.jar;C:\Users\josek\.m2\repository\io\netty\netty-transport-native-unix-common\4.1.111.Final\netty-transport-native-unix-common-4.1.111.Final.jar;C:\Users\josek\.m2\repository\io\netty\netty-codec\4.1.111.Final\netty-codec-4.1.111.Final.jar;C:\Users\josek\.m2\repository\io\netty\netty-transport-native-epoll\4.1.111.Final\netty-transport-native-epoll-4.1.111.Final.jar;C:\Users\josek\.m2\repository\io\netty\netty-transport-classes-epoll\4.1.111.Final\netty-transport-classes-epoll-4.1.111.Final.jar;C:\Users\josek\.m2\repository\ch\qos\logback\logback-core\1.5.6\logback-core-1.5.6.jar;C:\Users\josek\.m2\repository\ch\qos\logback\logback-classic\1.5.6\logback-classic-1.5.6.jar;C:\Users\josek\.m2\repository\commons-io\commons-io\2.11.0\commons-io-2.11.0.jar;C:\Users\josek\.m2\repository\org\apache\kafka\kafka-clients\3.7.1\kafka-clients-3.7.1-test.jar;C:\Users\josek\.m2\repository\org\apache\kafka\kafka-metadata\3.7.1\kafka-metadata-3.7.1.jar;C:\Users\josek\.m2\repository\org\apache\kafka\kafka-raft\3.7.1\kafka-raft-3.7.1.jar;C:\Users\josek\.m2\repository\com\fasterxml\jackson\core\jackson-databind\2.17.2\jackson-databind-2.17.2.jar;C:\Users\josek\.m2\repository\com\fasterxml\jackson\core\jackson-annotations\2.17.2\jackson-annotations-2.17.2.jar;C:\Users\josek\.m2\repository\com\fasterxml\jackson\core\jackson-core\2.17.2\jackson-core-2.17.2.jar;C:\Users\josek\.m2\repository\com\fasterxml\jackson\datatype\jackson-datatype-jdk8\2.17.2\jackson-datatype-jdk8-2.17.2.jar;C:\Users\josek\.m2\repository\com\yammer\metrics\metrics-core\2.2.0\metrics-core-2.2.0.jar;C:\Users\josek\.m2\repository\org\apache\kafka\kafka-server-common\3.7.1\kafka-server-common-3.7.1.jar;C:\Users\josek\.m2\repository\net\sf\jopt-simple\jopt-simple\5.0.4\jopt-simple-5.0.4.jar;C:\Users\josek\.m2\repository\org\pcollections\pcollections\4.0.1\pcollections-4.0.1.jar;C:\Users\josek\.m2\repository\org\apache\kafka\kafka-server-common\3.7.1\kafka-server-common-3.7.1-test.jar;C:\Users\josek\.m2\repository\org\apache\kafka\kafka-streams-test-utils\3.7.1\kafka-streams-test-utils-3.7.1.jar;C:\Users\josek\.m2\repository\org\apache\kafka\kafka-streams\3.7.1\kafka-streams-3.7.1.jar;C:\Users\josek\.m2\repository\org\rocksdb\rocksdbjni\7.9.2\rocksdbjni-7.9.2.jar;C:\Users\josek\.m2\repository\org\apache\kafka\kafka_2.13\3.7.1\kafka_2.13-3.7.1.jar;C:\Users\josek\.m2\repository\org\scala-lang\scala-library\2.13.12\scala-library-2.13.12.jar;C:\Users\josek\.m2\repository\org\apache\kafka\kafka-group-coordinator\3.7.1\kafka-group-coordinator-3.7.1.jar;C:\Users\josek\.m2\repository\org\apache\kafka\kafka-storage-api\3.7.1\kafka-storage-api-3.7.1.jar;C:\Users\josek\.m2\repository\org\apache\kafka\kafka-tools-api\3.7.1\kafka-tools-api-3.7.1.jar;C:\Users\josek\.m2\repository\org\apache\kafka\kafka-storage\3.7.1\kafka-storage-3.7.1.jar;C:\Users\josek\.m2\repository\com\github\ben-manes\caffeine\caffeine\3.1.8\caffeine-3.1.8.jar;C:\Users\josek\.m2\repository\org\checkerframework\checker-qual\3.37.0\checker-qual-3.37.0.jar;C:\Users\josek\.m2\repository\com\google\errorprone\error_prone_annotations\2.21.1\error_prone_annotations-2.21.1.jar;C:\Users\josek\.m2\repository\org\apache\kafka\kafka-server\3.7.1\kafka-server-3.7.1.jar;C:\Users\josek\.m2\repository\net\sourceforge\argparse4j\argparse4j\0.7.0\argparse4j-0.7.0.jar;C:\Users\josek\.m2\repository\commons-validator\commons-validator\1.7\commons-validator-1.7.jar;C:\Users\josek\.m2\repository\commons-beanutils\commons-beanutils\1.9.4\commons-beanutils-1.9.4.jar;C:\Users\josek\.m2\repository\commons-digester\commons-digester\2.1\commons-digester-2.1.jar;C:\Users\josek\.m2\repository\commons-collections\commons-collections\3.2.2\commons-collections-3.2.2.jar;C:\Users\josek\.m2\repository\com\fasterxml\jackson\module\jackson-module-scala_2.13\2.17.2\jackson-module-scala_2.13-2.17.2.jar;C:\Users\josek\.m2\repository\com\thoughtworks\paranamer\paranamer\2.8\paranamer-2.8.jar;C:\Users\josek\.m2\repository\com\fasterxml\jackson\dataformat\jackson-dataformat-csv\2.17.2\jackson-dataformat-csv-2.17.2.jar;C:\Users\josek\.m2\repository\org\bitbucket\b_c\jose4j\0.9.4\jose4j-0.9.4.jar;C:\Users\josek\.m2\repository\org\scala-lang\modules\scala-collection-compat_2.13\2.10.0\scala-collection-compat_2.13-2.10.0.jar;C:\Users\josek\.m2\repository\org\scala-lang\modules\scala-java8-compat_2.13\1.0.2\scala-java8-compat_2.13-1.0.2.jar;C:\Users\josek\.m2\repository\org\scala-lang\scala-reflect\2.13.12\scala-reflect-2.13.12.jar;C:\Users\josek\.m2\repository\com\typesafe\scala-logging\scala-logging_2.13\3.9.4\scala-logging_2.13-3.9.4.jar;C:\Users\josek\.m2\repository\io\dropwizard\metrics\metrics-core\4.1.12.1\metrics-core-4.1.12.1.jar;C:\Users\josek\.m2\repository\commons-cli\commons-cli\1.4\commons-cli-1.4.jar;C:\Users\josek\.m2\repository\org\apache\kafka\kafka_2.13\3.7.1\kafka_2.13-3.7.1-test.jar;C:\Users\josek\.m2\repository\org\junit\jupiter\junit-jupiter-api\5.10.3\junit-jupiter-api-5.10.3.jar;C:\Users\josek\.m2\repository\org\opentest4j\opentest4j\1.3.0\opentest4j-1.3.0.jar;C:\Users\josek\.m2\repository\org\junit\platform\junit-platform-commons\1.10.3\junit-platform-commons-1.10.3.jar;C:\Users\josek\.m2\repository\org\apiguardian\apiguardian-api\1.1.2\apiguardian-api-1.1.2.jar;C:\Users\josek\.m2\repository\org\junit\platform\junit-platform-launcher\1.10.3\junit-platform-launcher-1.10.3.jar;C:\Users\josek\.m2\repository\org\junit\platform\junit-platform-engine\1.10.3\junit-platform-engine-1.10.3.jar;C:\Users\josek\.m2\repository\com\google\code\gson\gson\2.10.1\gson-2.10.1.jar;C:\Users\josek\.m2\repository\org\mapstruct\mapstruct\1.5.2.Final\mapstruct-1.5.2.Final.jar;C:\Users\josek\.m2\repository\org\projectlombok\lombok\1.18.24\lombok-1.18.24.jar;C:\Users\josek\.m2\repository\org\projectlombok\lombok-mapstruct-binding\0.2.0\lombok-mapstruct-binding-0.2.0.jar;"/>
    <property name="java.vm.vendor" value="Oracle Corporation"/>
    <property name="sun.arch.data.model" value="64"/>
    <property name="user.variant" value=""/>
    <property name="java.vendor.url" value="https://java.oracle.com/"/>
    <property name="user.timezone" value="America/Bogota"/>
    <property name="os.name" value="Windows 11"/>
    <property name="java.vm.specification.version" value="17"/>
    <property name="sun.java.launcher" value="SUN_STANDARD"/>
    <property name="user.country" value="MX"/>
    <property name="sun.boot.library.path" value="C:\Program Files\Java\jdk-17\bin"/>
    <property name="sun.java.command" value="C:\Users\josek\AppData\Local\Temp\surefire4531670359303490603\surefirebooter-20240728074411135_3.jar C:\Users\josek\AppData\Local\Temp\surefire4531670359303490603 2024-07-28T07-44-10_974-jvmRun1 surefire-20240728074411135_1tmp surefire_0-20240728074411135_2tmp"/>
    <property name="jdk.debug" value="release"/>
    <property name="surefire.test.class.path" value="C:\Users\josek\Documents\code\SOFKA\prueba_tecnica\sofka-transaction-consumer\target\test-classes;C:\Users\josek\Documents\code\SOFKA\prueba_tecnica\sofka-transaction-consumer\target\classes;C:\Users\josek\.m2\repository\org\springframework\boot\spring-boot-starter-data-mongodb\3.3.2\spring-boot-starter-data-mongodb-3.3.2.jar;C:\Users\josek\.m2\repository\org\springframework\boot\spring-boot-starter\3.3.2\spring-boot-starter-3.3.2.jar;C:\Users\josek\.m2\repository\org\springframework\boot\spring-boot\3.3.2\spring-boot-3.3.2.jar;C:\Users\josek\.m2\repository\org\springframework\boot\spring-boot-autoconfigure\3.3.2\spring-boot-autoconfigure-3.3.2.jar;C:\Users\josek\.m2\repository\org\springframework\boot\spring-boot-starter-logging\3.3.2\spring-boot-starter-logging-3.3.2.jar;C:\Users\josek\.m2\repository\org\apache\logging\log4j\log4j-to-slf4j\2.23.1\log4j-to-slf4j-2.23.1.jar;C:\Users\josek\.m2\repository\org\apache\logging\log4j\log4j-api\2.23.1\log4j-api-2.23.1.jar;C:\Users\josek\.m2\repository\org\slf4j\jul-to-slf4j\2.0.13\jul-to-slf4j-2.0.13.jar;C:\Users\josek\.m2\repository\jakarta\annotation\jakarta.annotation-api\2.1.1\jakarta.annotation-api-2.1.1.jar;C:\Users\josek\.m2\repository\org\yaml\snakeyaml\2.2\snakeyaml-2.2.jar;C:\Users\josek\.m2\repository\org\mongodb\mongodb-driver-sync\5.0.1\mongodb-driver-sync-5.0.1.jar;C:\Users\josek\.m2\repository\org\mongodb\bson\5.0.1\bson-5.0.1.jar;C:\Users\josek\.m2\repository\org\mongodb\mongodb-driver-core\5.0.1\mongodb-driver-core-5.0.1.jar;C:\Users\josek\.m2\repository\org\mongodb\bson-record-codec\5.0.1\bson-record-codec-5.0.1.jar;C:\Users\josek\.m2\repository\org\springframework\data\spring-data-mongodb\4.3.2\spring-data-mongodb-4.3.2.jar;C:\Users\josek\.m2\repository\org\springframework\spring-beans\6.1.11\spring-beans-6.1.11.jar;C:\Users\josek\.m2\repository\org\springframework\spring-expression\6.1.11\spring-expression-6.1.11.jar;C:\Users\josek\.m2\repository\org\springframework\data\spring-data-commons\3.3.2\spring-data-commons-3.3.2.jar;C:\Users\josek\.m2\repository\org\slf4j\slf4j-api\2.0.13\slf4j-api-2.0.13.jar;C:\Users\josek\.m2\repository\org\springframework\kafka\spring-kafka\3.2.2\spring-kafka-3.2.2.jar;C:\Users\josek\.m2\repository\org\springframework\spring-context\6.1.11\spring-context-6.1.11.jar;C:\Users\josek\.m2\repository\org\springframework\spring-aop\6.1.11\spring-aop-6.1.11.jar;C:\Users\josek\.m2\repository\org\springframework\spring-messaging\6.1.11\spring-messaging-6.1.11.jar;C:\Users\josek\.m2\repository\org\springframework\spring-tx\6.1.11\spring-tx-6.1.11.jar;C:\Users\josek\.m2\repository\org\springframework\retry\spring-retry\2.0.7\spring-retry-2.0.7.jar;C:\Users\josek\.m2\repository\org\apache\kafka\kafka-clients\3.7.1\kafka-clients-3.7.1.jar;C:\Users\josek\.m2\repository\com\github\luben\zstd-jni\1.5.6-3\zstd-jni-1.5.6-3.jar;C:\Users\josek\.m2\repository\org\lz4\lz4-java\1.8.0\lz4-java-1.8.0.jar;C:\Users\josek\.m2\repository\org\xerial\snappy\snappy-java\1.1.10.5\snappy-java-1.1.10.5.jar;C:\Users\josek\.m2\repository\io\micrometer\micrometer-observation\1.13.2\micrometer-observation-1.13.2.jar;C:\Users\josek\.m2\repository\io\micrometer\micrometer-commons\1.13.2\micrometer-commons-1.13.2.jar;C:\Users\josek\.m2\repository\org\springframework\boot\spring-boot-starter-test\3.3.2\spring-boot-starter-test-3.3.2.jar;C:\Users\josek\.m2\repository\org\springframework\boot\spring-boot-test\3.3.2\spring-boot-test-3.3.2.jar;C:\Users\josek\.m2\repository\org\springframework\boot\spring-boot-test-autoconfigure\3.3.2\spring-boot-test-autoconfigure-3.3.2.jar;C:\Users\josek\.m2\repository\com\jayway\jsonpath\json-path\2.9.0\json-path-2.9.0.jar;C:\Users\josek\.m2\repository\jakarta\xml\bind\jakarta.xml.bind-api\4.0.2\jakarta.xml.bind-api-4.0.2.jar;C:\Users\josek\.m2\repository\jakarta\activation\jakarta.activation-api\2.1.3\jakarta.activation-api-2.1.3.jar;C:\Users\josek\.m2\repository\net\minidev\json-smart\2.5.1\json-smart-2.5.1.jar;C:\Users\josek\.m2\repository\net\minidev\accessors-smart\2.5.1\accessors-smart-2.5.1.jar;C:\Users\josek\.m2\repository\org\ow2\asm\asm\9.6\asm-9.6.jar;C:\Users\josek\.m2\repository\org\assertj\assertj-core\3.25.3\assertj-core-3.25.3.jar;C:\Users\josek\.m2\repository\net\bytebuddy\byte-buddy\1.14.18\byte-buddy-1.14.18.jar;C:\Users\josek\.m2\repository\org\awaitility\awaitility\4.2.1\awaitility-4.2.1.jar;C:\Users\josek\.m2\repository\org\hamcrest\hamcrest\2.2\hamcrest-2.2.jar;C:\Users\josek\.m2\repository\org\junit\jupiter\junit-jupiter\5.10.3\junit-jupiter-5.10.3.jar;C:\Users\josek\.m2\repository\org\junit\jupiter\junit-jupiter-params\5.10.3\junit-jupiter-params-5.10.3.jar;C:\Users\josek\.m2\repository\org\junit\jupiter\junit-jupiter-engine\5.10.3\junit-jupiter-engine-5.10.3.jar;C:\Users\josek\.m2\repository\org\mockito\mockito-core\5.11.0\mockito-core-5.11.0.jar;C:\Users\josek\.m2\repository\net\bytebuddy\byte-buddy-agent\1.14.18\byte-buddy-agent-1.14.18.jar;C:\Users\josek\.m2\repository\org\objenesis\objenesis\3.3\objenesis-3.3.jar;C:\Users\josek\.m2\repository\org\mockito\mockito-junit-jupiter\5.11.0\mockito-junit-jupiter-5.11.0.jar;C:\Users\josek\.m2\repository\org\skyscreamer\jsonassert\1.5.3\jsonassert-1.5.3.jar;C:\Users\josek\.m2\repository\com\vaadin\external\google\android-json\0.0.20131108.vaadin1\android-json-0.0.20131108.vaadin1.jar;C:\Users\josek\.m2\repository\org\springframework\spring-core\6.1.11\spring-core-6.1.11.jar;C:\Users\josek\.m2\repository\org\springframework\spring-jcl\6.1.11\spring-jcl-6.1.11.jar;C:\Users\josek\.m2\repository\org\springframework\spring-test\6.1.11\spring-test-6.1.11.jar;C:\Users\josek\.m2\repository\org\xmlunit\xmlunit-core\2.9.1\xmlunit-core-2.9.1.jar;C:\Users\josek\.m2\repository\org\springframework\kafka\spring-kafka-test\3.2.2\spring-kafka-test-3.2.2.jar;C:\Users\josek\.m2\repository\org\apache\zookeeper\zookeeper\3.8.4\zookeeper-3.8.4.jar;C:\Users\josek\.m2\repository\org\apache\zookeeper\zookeeper-jute\3.8.4\zookeeper-jute-3.8.4.jar;C:\Users\josek\.m2\repository\org\apache\yetus\audience-annotations\0.12.0\audience-annotations-0.12.0.jar;C:\Users\josek\.m2\repository\io\netty\netty-handler\4.1.111.Final\netty-handler-4.1.111.Final.jar;C:\Users\josek\.m2\repository\io\netty\netty-common\4.1.111.Final\netty-common-4.1.111.Final.jar;C:\Users\josek\.m2\repository\io\netty\netty-resolver\4.1.111.Final\netty-resolver-4.1.111.Final.jar;C:\Users\josek\.m2\repository\io\netty\netty-buffer\4.1.111.Final\netty-buffer-4.1.111.Final.jar;C:\Users\josek\.m2\repository\io\netty\netty-transport\4.1.111.Final\netty-transport-4.1.111.Final.jar;C:\Users\josek\.m2\repository\io\netty\netty-transport-native-unix-common\4.1.111.Final\netty-transport-native-unix-common-4.1.111.Final.jar;C:\Users\josek\.m2\repository\io\netty\netty-codec\4.1.111.Final\netty-codec-4.1.111.Final.jar;C:\Users\josek\.m2\repository\io\netty\netty-transport-native-epoll\4.1.111.Final\netty-transport-native-epoll-4.1.111.Final.jar;C:\Users\josek\.m2\repository\io\netty\netty-transport-classes-epoll\4.1.111.Final\netty-transport-classes-epoll-4.1.111.Final.jar;C:\Users\josek\.m2\repository\ch\qos\logback\logback-core\1.5.6\logback-core-1.5.6.jar;C:\Users\josek\.m2\repository\ch\qos\logback\logback-classic\1.5.6\logback-classic-1.5.6.jar;C:\Users\josek\.m2\repository\commons-io\commons-io\2.11.0\commons-io-2.11.0.jar;C:\Users\josek\.m2\repository\org\apache\kafka\kafka-clients\3.7.1\kafka-clients-3.7.1-test.jar;C:\Users\josek\.m2\repository\org\apache\kafka\kafka-metadata\3.7.1\kafka-metadata-3.7.1.jar;C:\Users\josek\.m2\repository\org\apache\kafka\kafka-raft\3.7.1\kafka-raft-3.7.1.jar;C:\Users\josek\.m2\repository\com\fasterxml\jackson\core\jackson-databind\2.17.2\jackson-databind-2.17.2.jar;C:\Users\josek\.m2\repository\com\fasterxml\jackson\core\jackson-annotations\2.17.2\jackson-annotations-2.17.2.jar;C:\Users\josek\.m2\repository\com\fasterxml\jackson\core\jackson-core\2.17.2\jackson-core-2.17.2.jar;C:\Users\josek\.m2\repository\com\fasterxml\jackson\datatype\jackson-datatype-jdk8\2.17.2\jackson-datatype-jdk8-2.17.2.jar;C:\Users\josek\.m2\repository\com\yammer\metrics\metrics-core\2.2.0\metrics-core-2.2.0.jar;C:\Users\josek\.m2\repository\org\apache\kafka\kafka-server-common\3.7.1\kafka-server-common-3.7.1.jar;C:\Users\josek\.m2\repository\net\sf\jopt-simple\jopt-simple\5.0.4\jopt-simple-5.0.4.jar;C:\Users\josek\.m2\repository\org\pcollections\pcollections\4.0.1\pcollections-4.0.1.jar;C:\Users\josek\.m2\repository\org\apache\kafka\kafka-server-common\3.7.1\kafka-server-common-3.7.1-test.jar;C:\Users\josek\.m2\repository\org\apache\kafka\kafka-streams-test-utils\3.7.1\kafka-streams-test-utils-3.7.1.jar;C:\Users\josek\.m2\repository\org\apache\kafka\kafka-streams\3.7.1\kafka-streams-3.7.1.jar;C:\Users\josek\.m2\repository\org\rocksdb\rocksdbjni\7.9.2\rocksdbjni-7.9.2.jar;C:\Users\josek\.m2\repository\org\apache\kafka\kafka_2.13\3.7.1\kafka_2.13-3.7.1.jar;C:\Users\josek\.m2\repository\org\scala-lang\scala-library\2.13.12\scala-library-2.13.12.jar;C:\Users\josek\.m2\repository\org\apache\kafka\kafka-group-coordinator\3.7.1\kafka-group-coordinator-3.7.1.jar;C:\Users\josek\.m2\repository\org\apache\kafka\kafka-storage-api\3.7.1\kafka-storage-api-3.7.1.jar;C:\Users\josek\.m2\repository\org\apache\kafka\kafka-tools-api\3.7.1\kafka-tools-api-3.7.1.jar;C:\Users\josek\.m2\repository\org\apache\kafka\kafka-storage\3.7.1\kafka-storage-3.7.1.jar;C:\Users\josek\.m2\repository\com\github\ben-manes\caffeine\caffeine\3.1.8\caffeine-3.1.8.jar;C:\Users\josek\.m2\repository\org\checkerframework\checker-qual\3.37.0\checker-qual-3.37.0.jar;C:\Users\josek\.m2\repository\com\google\errorprone\error_prone_annotations\2.21.1\error_prone_annotations-2.21.1.jar;C:\Users\josek\.m2\repository\org\apache\kafka\kafka-server\3.7.1\kafka-server-3.7.1.jar;C:\Users\josek\.m2\repository\net\sourceforge\argparse4j\argparse4j\0.7.0\argparse4j-0.7.0.jar;C:\Users\josek\.m2\repository\commons-validator\commons-validator\1.7\commons-validator-1.7.jar;C:\Users\josek\.m2\repository\commons-beanutils\commons-beanutils\1.9.4\commons-beanutils-1.9.4.jar;C:\Users\josek\.m2\repository\commons-digester\commons-digester\2.1\commons-digester-2.1.jar;C:\Users\josek\.m2\repository\commons-collections\commons-collections\3.2.2\commons-collections-3.2.2.jar;C:\Users\josek\.m2\repository\com\fasterxml\jackson\module\jackson-module-scala_2.13\2.17.2\jackson-module-scala_2.13-2.17.2.jar;C:\Users\josek\.m2\repository\com\thoughtworks\paranamer\paranamer\2.8\paranamer-2.8.jar;C:\Users\josek\.m2\repository\com\fasterxml\jackson\dataformat\jackson-dataformat-csv\2.17.2\jackson-dataformat-csv-2.17.2.jar;C:\Users\josek\.m2\repository\org\bitbucket\b_c\jose4j\0.9.4\jose4j-0.9.4.jar;C:\Users\josek\.m2\repository\org\scala-lang\modules\scala-collection-compat_2.13\2.10.0\scala-collection-compat_2.13-2.10.0.jar;C:\Users\josek\.m2\repository\org\scala-lang\modules\scala-java8-compat_2.13\1.0.2\scala-java8-compat_2.13-1.0.2.jar;C:\Users\josek\.m2\repository\org\scala-lang\scala-reflect\2.13.12\scala-reflect-2.13.12.jar;C:\Users\josek\.m2\repository\com\typesafe\scala-logging\scala-logging_2.13\3.9.4\scala-logging_2.13-3.9.4.jar;C:\Users\josek\.m2\repository\io\dropwizard\metrics\metrics-core\4.1.12.1\metrics-core-4.1.12.1.jar;C:\Users\josek\.m2\repository\commons-cli\commons-cli\1.4\commons-cli-1.4.jar;C:\Users\josek\.m2\repository\org\apache\kafka\kafka_2.13\3.7.1\kafka_2.13-3.7.1-test.jar;C:\Users\josek\.m2\repository\org\junit\jupiter\junit-jupiter-api\5.10.3\junit-jupiter-api-5.10.3.jar;C:\Users\josek\.m2\repository\org\opentest4j\opentest4j\1.3.0\opentest4j-1.3.0.jar;C:\Users\josek\.m2\repository\org\junit\platform\junit-platform-commons\1.10.3\junit-platform-commons-1.10.3.jar;C:\Users\josek\.m2\repository\org\apiguardian\apiguardian-api\1.1.2\apiguardian-api-1.1.2.jar;C:\Users\josek\.m2\repository\org\junit\platform\junit-platform-launcher\1.10.3\junit-platform-launcher-1.10.3.jar;C:\Users\josek\.m2\repository\org\junit\platform\junit-platform-engine\1.10.3\junit-platform-engine-1.10.3.jar;C:\Users\josek\.m2\repository\com\google\code\gson\gson\2.10.1\gson-2.10.1.jar;C:\Users\josek\.m2\repository\org\mapstruct\mapstruct\1.5.2.Final\mapstruct-1.5.2.Final.jar;C:\Users\josek\.m2\repository\org\projectlombok\lombok\1.18.24\lombok-1.18.24.jar;C:\Users\josek\.m2\repository\org\projectlombok\lombok-mapstruct-binding\0.2.0\lombok-mapstruct-binding-0.2.0.jar;"/>
    <property name="sun.cpu.endian" value="little"/>
    <property name="user.home" value="C:\Users\josek"/>
    <property name="user.language" value="es"/>
    <property name="java.specification.vendor" value="Oracle Corporation"/>
    <property name="java.version.date" value="2023-01-17"/>
    <property name="java.home" value="C:\Program Files\Java\jdk-17"/>
    <property name="file.separator" value="\"/>
    <property name="basedir" value="C:\Users\josek\Documents\code\SOFKA\prueba_tecnica\sofka-transaction-consumer"/>
    <property name="java.vm.compressedOopsMode" value="Zero based"/>
    <property name="line.separator" value="&#10;"/>
    <property name="java.vm.specification.vendor" value="Oracle Corporation"/>
    <property name="java.specification.name" value="Java Platform API Specification"/>
    <property name="FILE_LOG_CHARSET" value="windows-1252"/>
    <property name="java.awt.headless" value="true"/>
    <property name="surefire.real.class.path" value="C:\Users\josek\AppData\Local\Temp\surefire4531670359303490603\surefirebooter-20240728074411135_3.jar"/>
    <property name="user.script" value=""/>
    <property name="sun.management.compiler" value="HotSpot 64-Bit Tiered Compilers"/>
    <property name="java.runtime.version" value="17.0.6+9-LTS-190"/>
    <property name="user.name" value="josek"/>
    <property name="path.separator" value=";"/>
    <property name="os.version" value="10.0"/>
    <property name="java.runtime.name" value="Java(TM) SE Runtime Environment"/>
    <property name="file.encoding" value="Cp1252"/>
    <property name="java.vm.name" value="Java HotSpot(TM) 64-Bit Server VM"/>
    <property name="localRepository" value="C:\Users\josek\.m2\repository"/>
    <property name="java.vendor.url.bug" value="https://bugreport.java.com/bugreport/"/>
    <property name="java.io.tmpdir" value="C:\Users\josek\AppData\Local\Temp\"/>
    <property name="idea.version" value="2023.2.5"/>
    <property name="java.version" value="17.0.6"/>
    <property name="user.dir" value="C:\Users\josek\Documents\code\SOFKA\prueba_tecnica\sofka-transaction-consumer"/>
    <property name="os.arch" value="amd64"/>
    <property name="java.vm.specification.name" value="Java Virtual Machine Specification"/>
    <property name="PID" value="3672"/>
    <property name="sun.os.patch.level" value=""/>
    <property name="CONSOLE_LOG_CHARSET" value="windows-1252"/>
    <property name="native.encoding" value="Cp1252"/>
    <property name="java.library.path" value="C:\Program Files\Java\jdk-17\bin;C:\WINDOWS\Sun\Java\bin;C:\WINDOWS\system32;C:\WINDOWS;C:\Program Files (x86)\Common Files\Intel\Shared Libraries\redist\intel64\compiler;C:\Program Files\Broadcom\Broadcom 802.11 Network Adapter;C:\Program Files\Common Files\Oracle\Java\javapath;C:\Python310\Scripts\;C:\Python310\;C:\WINDOWS\system32;C:\WINDOWS;C:\WINDOWS\System32\Wbem;C:\WINDOWS\System32\WindowsPowerShell\v1.0\;C:\WINDOWS\System32\OpenSSH\;C:\Program Files\Git\cmd;C:\ProgramData\chocolatey\bin;C:\Program Files\Java\jdk-16.0.2\bin;C:\flutter\bin;C:\Program Files\GitHub CLI\;C:\Program Files (x86)\Google\Cloud SDK\google-cloud-sdk\bin;C:\Program Files\Amazon\AWSCLIV2\;C:\Program Files\Docker\Docker\resources\bin;C:\Program Files\Git LFS;C:\Program Files\nodejs\;C:\Users\josek\AppData\Local\Microsoft\WindowsApps;C:\Users\josek\AppData\Local\GitHubDesktop\bin;C:\Users\josek\AppData\Local\Programs\Microsoft VS Code\bin;C:\Users\josek\AppData\Roaming\npm;C:\Program Files\JetBrains\IntelliJ IDEA 2023.2.5\bin;;C:\flutter\bin;;C:\Program Files\JetBrains\DataGrip 2024.1.3\bin;;."/>
    <property name="java.vm.info" value="mixed mode, sharing"/>
    <property name="java.vendor" value="Oracle Corporation"/>
    <property name="java.vm.version" value="17.0.6+9-LTS-190"/>
    <property name="sun.io.unicode.encoding" value="UnicodeLittle"/>
    <property name="java.class.version" value="61.0"/>
    <property name="LOGGED_APPLICATION_NAME" value="[sofka-transaction-consumer] "/>
  </properties>
  <testcase name="contextLoads" classname="com.sofka.sofkatransactionconsumer.SofkaTransactionConsumerApplicationTests" time="0.92">
    <system-out><![CDATA[07:44:11.911 [main] INFO org.springframework.test.context.support.AnnotationConfigContextLoaderUtils -- Could not detect default configuration classes for test class [com.sofka.sofkatransactionconsumer.SofkaTransactionConsumerApplicationTests]: SofkaTransactionConsumerApplicationTests does not declare any static, non-private, non-final, nested classes annotated with @Configuration.
07:44:11.999 [main] INFO org.springframework.boot.test.context.SpringBootTestContextBootstrapper -- Found @SpringBootConfiguration com.sofka.sofkatransactionconsumer.SofkaTransactionConsumerApplication for test class com.sofka.sofkatransactionconsumer.SofkaTransactionConsumerApplicationTests

  .   ____          _            __ _ _
 /\\ / ___'_ __ _ _(_)_ __  __ _ \ \ \ \
( ( )\___ | '_ | '_| | '_ \/ _` | \ \ \ \
 \\/  ___)| |_)| | | | | || (_| |  ) ) ) )
  '  |____| .__|_| |_|_| |_\__, | / / / /
 =========|_|==============|___/=/_/_/_/

 :: Spring Boot ::                (v3.3.2)

2024-07-28T07:44:12.377-05:00  INFO 3672 --- [sofka-transaction-consumer] [           main] SofkaTransactionConsumerApplicationTests : Starting SofkaTransactionConsumerApplicationTests using Java 17.0.6 with PID 3672 (started by josek in C:\Users\josek\Documents\code\SOFKA\prueba_tecnica\sofka-transaction-consumer)
2024-07-28T07:44:12.378-05:00  INFO 3672 --- [sofka-transaction-consumer] [           main] SofkaTransactionConsumerApplicationTests : No active profile set, falling back to 1 default profile: "default"
2024-07-28T07:44:12.684-05:00  INFO 3672 --- [sofka-transaction-consumer] [           main] .s.d.r.c.RepositoryConfigurationDelegate : Bootstrapping Spring Data MongoDB repositories in DEFAULT mode.
2024-07-28T07:44:12.730-05:00  INFO 3672 --- [sofka-transaction-consumer] [           main] .s.d.r.c.RepositoryConfigurationDelegate : Finished Spring Data repository scanning in 43 ms. Found 2 MongoDB repository interfaces.
2024-07-28T07:44:13.161-05:00  INFO 3672 --- [sofka-transaction-consumer] [           main] org.mongodb.driver.client                : MongoClient with metadata {"driver": {"name": "mongo-java-driver|sync|spring-boot", "version": "5.0.1"}, "os": {"type": "Windows", "name": "Windows 11", "architecture": "amd64", "version": "10.0"}, "platform": "Java/Oracle Corporation/17.0.6+9-LTS-190"} created with settings MongoClientSettings{readPreference=primary, writeConcern=WriteConcern{w=null, wTimeout=null ms, journal=null}, retryWrites=true, retryReads=true, readConcern=ReadConcern{level=null}, credential=null, transportSettings=null, commandListeners=[], codecRegistry=ProvidersCodecRegistry{codecProviders=[ValueCodecProvider{}, BsonValueCodecProvider{}, DBRefCodecProvider{}, DBObjectCodecProvider{}, DocumentCodecProvider{}, CollectionCodecProvider{}, IterableCodecProvider{}, MapCodecProvider{}, GeoJsonCodecProvider{}, GridFSFileCodecProvider{}, Jsr310CodecProvider{}, JsonObjectCodecProvider{}, BsonCodecProvider{}, EnumCodecProvider{}, com.mongodb.client.model.mql.ExpressionCodecProvider@1d408060, com.mongodb.Jep395RecordCodecProvider@68a78f3c, com.mongodb.KotlinCodecProvider@17ba57f0]}, loggerSettings=LoggerSettings{maxDocumentLength=1000}, clusterSettings={hosts=[localhost:27017], srvServiceName=mongodb, mode=SINGLE, requiredClusterType=UNKNOWN, requiredReplicaSetName='null', serverSelector='null', clusterListeners='[]', serverSelectionTimeout='30000 ms', localThreshold='15 ms'}, socketSettings=SocketSettings{connectTimeoutMS=10000, readTimeoutMS=0, receiveBufferSize=0, proxySettings=ProxySettings{host=null, port=null, username=null, password=null}}, heartbeatSocketSettings=SocketSettings{connectTimeoutMS=10000, readTimeoutMS=10000, receiveBufferSize=0, proxySettings=ProxySettings{host=null, port=null, username=null, password=null}}, connectionPoolSettings=ConnectionPoolSettings{maxSize=100, minSize=0, maxWaitTimeMS=120000, maxConnectionLifeTimeMS=0, maxConnectionIdleTimeMS=0, maintenanceInitialDelayMS=0, maintenanceFrequencyMS=60000, connectionPoolListeners=[], maxConnecting=2}, serverSettings=ServerSettings{heartbeatFrequencyMS=10000, minHeartbeatFrequencyMS=500, serverListeners='[]', serverMonitorListeners='[]'}, sslSettings=SslSettings{enabled=false, invalidHostNameAllowed=false, context=null}, applicationName='null', compressorList=[], uuidRepresentation=JAVA_LEGACY, serverApi=null, autoEncryptionSettings=null, dnsClient=null, inetAddressResolver=null, contextProvider=null}
2024-07-28T07:44:13.176-05:00  INFO 3672 --- [sofka-transaction-consumer] [localhost:27017] org.mongodb.driver.cluster               : Exception in monitor thread while connecting to server localhost:27017

com.mongodb.MongoSocketOpenException: Exception opening socket
	at com.mongodb.internal.connection.SocketStream.lambda$open$0(SocketStream.java:86) ~[mongodb-driver-core-5.0.1.jar:na]
	at java.base/java.util.Optional.orElseThrow(Optional.java:403) ~[na:na]
	at com.mongodb.internal.connection.SocketStream.open(SocketStream.java:86) ~[mongodb-driver-core-5.0.1.jar:na]
	at com.mongodb.internal.connection.InternalStreamConnection.open(InternalStreamConnection.java:201) ~[mongodb-driver-core-5.0.1.jar:na]
	at com.mongodb.internal.connection.DefaultServerMonitor$ServerMonitorRunnable.lookupServerDescription(DefaultServerMonitor.java:193) ~[mongodb-driver-core-5.0.1.jar:na]
	at com.mongodb.internal.connection.DefaultServerMonitor$ServerMonitorRunnable.run(DefaultServerMonitor.java:153) ~[mongodb-driver-core-5.0.1.jar:na]
	at java.base/java.lang.Thread.run(Thread.java:833) ~[na:na]
Caused by: java.net.ConnectException: Connection refused: no further information
	at java.base/sun.nio.ch.Net.pollConnect(Native Method) ~[na:na]
	at java.base/sun.nio.ch.Net.pollConnectNow(Net.java:672) ~[na:na]
	at java.base/sun.nio.ch.NioSocketImpl.timedFinishConnect(NioSocketImpl.java:542) ~[na:na]
	at java.base/sun.nio.ch.NioSocketImpl.connect(NioSocketImpl.java:597) ~[na:na]
	at java.base/java.net.SocksSocketImpl.connect(SocksSocketImpl.java:327) ~[na:na]
	at java.base/java.net.Socket.connect(Socket.java:633) ~[na:na]
	at com.mongodb.internal.connection.SocketStreamHelper.initialize(SocketStreamHelper.java:76) ~[mongodb-driver-core-5.0.1.jar:na]
	at com.mongodb.internal.connection.SocketStream.initializeSocket(SocketStream.java:105) ~[mongodb-driver-core-5.0.1.jar:na]
	at com.mongodb.internal.connection.SocketStream.open(SocketStream.java:80) ~[mongodb-driver-core-5.0.1.jar:na]
	... 4 common frames omitted

2024-07-28T07:44:13.882-05:00  INFO 3672 --- [sofka-transaction-consumer] [           main] o.a.k.clients.consumer.ConsumerConfig    : ConsumerConfig values: 
	allow.auto.create.topics = true
	auto.commit.interval.ms = 5000
	auto.include.jmx.reporter = true
	auto.offset.reset = earliest
	bootstrap.servers = [localhost:29092, localhost:29093]
	check.crcs = true
	client.dns.lookup = use_all_dns_ips
	client.id = consumer-sofka-transaction-consumer-1
	client.rack = 
	connections.max.idle.ms = 540000
	default.api.timeout.ms = 60000
	enable.auto.commit = false
	enable.metrics.push = true
	exclude.internal.topics = true
	fetch.max.bytes = 52428800
	fetch.max.wait.ms = 500
	fetch.min.bytes = 1
	group.id = sofka-transaction-consumer
	group.instance.id = null
	group.protocol = classic
	group.remote.assignor = null
	heartbeat.interval.ms = 3000
	interceptor.classes = []
	internal.leave.group.on.close = true
	internal.throw.on.fetch.stable.offset.unsupported = false
	isolation.level = read_uncommitted
	key.deserializer = class org.apache.kafka.common.serialization.StringDeserializer
	max.partition.fetch.bytes = 1048576
	max.poll.interval.ms = 300000
	max.poll.records = 500
	metadata.max.age.ms = 300000
	metric.reporters = []
	metrics.num.samples = 2
	metrics.recording.level = INFO
	metrics.sample.window.ms = 30000
	partition.assignment.strategy = [class org.apache.kafka.clients.consumer.RangeAssignor, class org.apache.kafka.clients.consumer.CooperativeStickyAssignor]
	receive.buffer.bytes = 65536
	reconnect.backoff.max.ms = 1000
	reconnect.backoff.ms = 50
	request.timeout.ms = 30000
	retry.backoff.max.ms = 1000
	retry.backoff.ms = 100
	sasl.client.callback.handler.class = null
	sasl.jaas.config = null
	sasl.kerberos.kinit.cmd = /usr/bin/kinit
	sasl.kerberos.min.time.before.relogin = 60000
	sasl.kerberos.service.name = null
	sasl.kerberos.ticket.renew.jitter = 0.05
	sasl.kerberos.ticket.renew.window.factor = 0.8
	sasl.login.callback.handler.class = null
	sasl.login.class = null
	sasl.login.connect.timeout.ms = null
	sasl.login.read.timeout.ms = null
	sasl.login.refresh.buffer.seconds = 300
	sasl.login.refresh.min.period.seconds = 60
	sasl.login.refresh.window.factor = 0.8
	sasl.login.refresh.window.jitter = 0.05
	sasl.login.retry.backoff.max.ms = 10000
	sasl.login.retry.backoff.ms = 100
	sasl.mechanism = GSSAPI
	sasl.oauthbearer.clock.skew.seconds = 30
	sasl.oauthbearer.expected.audience = null
	sasl.oauthbearer.expected.issuer = null
	sasl.oauthbearer.jwks.endpoint.refresh.ms = 3600000
	sasl.oauthbearer.jwks.endpoint.retry.backoff.max.ms = 10000
	sasl.oauthbearer.jwks.endpoint.retry.backoff.ms = 100
	sasl.oauthbearer.jwks.endpoint.url = null
	sasl.oauthbearer.scope.claim.name = scope
	sasl.oauthbearer.sub.claim.name = sub
	sasl.oauthbearer.token.endpoint.url = null
	security.protocol = PLAINTEXT
	security.providers = null
	send.buffer.bytes = 131072
	session.timeout.ms = 45000
	socket.connection.setup.timeout.max.ms = 30000
	socket.connection.setup.timeout.ms = 10000
	ssl.cipher.suites = null
	ssl.enabled.protocols = [TLSv1.2, TLSv1.3]
	ssl.endpoint.identification.algorithm = https
	ssl.engine.factory.class = null
	ssl.key.password = null
	ssl.keymanager.algorithm = SunX509
	ssl.keystore.certificate.chain = null
	ssl.keystore.key = null
	ssl.keystore.location = null
	ssl.keystore.password = null
	ssl.keystore.type = JKS
	ssl.protocol = TLSv1.3
	ssl.provider = null
	ssl.secure.random.implementation = null
	ssl.trustmanager.algorithm = PKIX
	ssl.truststore.certificates = null
	ssl.truststore.location = null
	ssl.truststore.password = null
	ssl.truststore.type = JKS
	value.deserializer = class org.apache.kafka.common.serialization.StringDeserializer

2024-07-28T07:44:13.925-05:00  INFO 3672 --- [sofka-transaction-consumer] [           main] o.a.k.c.t.i.KafkaMetricsCollector        : initializing Kafka metrics collector
2024-07-28T07:44:14.092-05:00  INFO 3672 --- [sofka-transaction-consumer] [           main] o.a.kafka.common.utils.AppInfoParser     : Kafka version: 3.7.1
2024-07-28T07:44:14.093-05:00  INFO 3672 --- [sofka-transaction-consumer] [           main] o.a.kafka.common.utils.AppInfoParser     : Kafka commitId: e2494e6ffb89f828
2024-07-28T07:44:14.093-05:00  INFO 3672 --- [sofka-transaction-consumer] [           main] o.a.kafka.common.utils.AppInfoParser     : Kafka startTimeMs: 1722170654090
2024-07-28T07:44:14.096-05:00  INFO 3672 --- [sofka-transaction-consumer] [           main] o.a.k.c.c.internals.LegacyKafkaConsumer  : [Consumer clientId=consumer-sofka-transaction-consumer-1, groupId=sofka-transaction-consumer] Subscribed to topic(s): new-transaction
2024-07-28T07:44:14.103-05:00  INFO 3672 --- [sofka-transaction-consumer] [           main] o.a.k.clients.consumer.ConsumerConfig    : ConsumerConfig values: 
	allow.auto.create.topics = true
	auto.commit.interval.ms = 5000
	auto.include.jmx.reporter = true
	auto.offset.reset = earliest
	bootstrap.servers = [localhost:29092, localhost:29093]
	check.crcs = true
	client.dns.lookup = use_all_dns_ips
	client.id = consumer-sofka-transaction-consumer-2
	client.rack = 
	connections.max.idle.ms = 540000
	default.api.timeout.ms = 60000
	enable.auto.commit = false
	enable.metrics.push = true
	exclude.internal.topics = true
	fetch.max.bytes = 52428800
	fetch.max.wait.ms = 500
	fetch.min.bytes = 1
	group.id = sofka-transaction-consumer
	group.instance.id = null
	group.protocol = classic
	group.remote.assignor = null
	heartbeat.interval.ms = 3000
	interceptor.classes = []
	internal.leave.group.on.close = true
	internal.throw.on.fetch.stable.offset.unsupported = false
	isolation.level = read_uncommitted
	key.deserializer = class org.apache.kafka.common.serialization.StringDeserializer
	max.partition.fetch.bytes = 1048576
	max.poll.interval.ms = 300000
	max.poll.records = 500
	metadata.max.age.ms = 300000
	metric.reporters = []
	metrics.num.samples = 2
	metrics.recording.level = INFO
	metrics.sample.window.ms = 30000
	partition.assignment.strategy = [class org.apache.kafka.clients.consumer.RangeAssignor, class org.apache.kafka.clients.consumer.CooperativeStickyAssignor]
	receive.buffer.bytes = 65536
	reconnect.backoff.max.ms = 1000
	reconnect.backoff.ms = 50
	request.timeout.ms = 30000
	retry.backoff.max.ms = 1000
	retry.backoff.ms = 100
	sasl.client.callback.handler.class = null
	sasl.jaas.config = null
	sasl.kerberos.kinit.cmd = /usr/bin/kinit
	sasl.kerberos.min.time.before.relogin = 60000
	sasl.kerberos.service.name = null
	sasl.kerberos.ticket.renew.jitter = 0.05
	sasl.kerberos.ticket.renew.window.factor = 0.8
	sasl.login.callback.handler.class = null
	sasl.login.class = null
	sasl.login.connect.timeout.ms = null
	sasl.login.read.timeout.ms = null
	sasl.login.refresh.buffer.seconds = 300
	sasl.login.refresh.min.period.seconds = 60
	sasl.login.refresh.window.factor = 0.8
	sasl.login.refresh.window.jitter = 0.05
	sasl.login.retry.backoff.max.ms = 10000
	sasl.login.retry.backoff.ms = 100
	sasl.mechanism = GSSAPI
	sasl.oauthbearer.clock.skew.seconds = 30
	sasl.oauthbearer.expected.audience = null
	sasl.oauthbearer.expected.issuer = null
	sasl.oauthbearer.jwks.endpoint.refresh.ms = 3600000
	sasl.oauthbearer.jwks.endpoint.retry.backoff.max.ms = 10000
	sasl.oauthbearer.jwks.endpoint.retry.backoff.ms = 100
	sasl.oauthbearer.jwks.endpoint.url = null
	sasl.oauthbearer.scope.claim.name = scope
	sasl.oauthbearer.sub.claim.name = sub
	sasl.oauthbearer.token.endpoint.url = null
	security.protocol = PLAINTEXT
	security.providers = null
	send.buffer.bytes = 131072
	session.timeout.ms = 45000
	socket.connection.setup.timeout.max.ms = 30000
	socket.connection.setup.timeout.ms = 10000
	ssl.cipher.suites = null
	ssl.enabled.protocols = [TLSv1.2, TLSv1.3]
	ssl.endpoint.identification.algorithm = https
	ssl.engine.factory.class = null
	ssl.key.password = null
	ssl.keymanager.algorithm = SunX509
	ssl.keystore.certificate.chain = null
	ssl.keystore.key = null
	ssl.keystore.location = null
	ssl.keystore.password = null
	ssl.keystore.type = JKS
	ssl.protocol = TLSv1.3
	ssl.provider = null
	ssl.secure.random.implementation = null
	ssl.trustmanager.algorithm = PKIX
	ssl.truststore.certificates = null
	ssl.truststore.location = null
	ssl.truststore.password = null
	ssl.truststore.type = JKS
	value.deserializer = class org.apache.kafka.common.serialization.StringDeserializer

2024-07-28T07:44:14.104-05:00  INFO 3672 --- [sofka-transaction-consumer] [           main] o.a.k.c.t.i.KafkaMetricsCollector        : initializing Kafka metrics collector
2024-07-28T07:44:14.113-05:00  INFO 3672 --- [sofka-transaction-consumer] [           main] o.a.kafka.common.utils.AppInfoParser     : Kafka version: 3.7.1
2024-07-28T07:44:14.114-05:00  INFO 3672 --- [sofka-transaction-consumer] [           main] o.a.kafka.common.utils.AppInfoParser     : Kafka commitId: e2494e6ffb89f828
2024-07-28T07:44:14.114-05:00  INFO 3672 --- [sofka-transaction-consumer] [           main] o.a.kafka.common.utils.AppInfoParser     : Kafka startTimeMs: 1722170654113
2024-07-28T07:44:14.114-05:00  INFO 3672 --- [sofka-transaction-consumer] [           main] o.a.k.c.c.internals.LegacyKafkaConsumer  : [Consumer clientId=consumer-sofka-transaction-consumer-2, groupId=sofka-transaction-consumer] Subscribed to topic(s): transaction-counter
2024-07-28T07:44:14.116-05:00  INFO 3672 --- [sofka-transaction-consumer] [           main] o.a.k.clients.consumer.ConsumerConfig    : ConsumerConfig values: 
	allow.auto.create.topics = true
	auto.commit.interval.ms = 5000
	auto.include.jmx.reporter = true
	auto.offset.reset = earliest
	bootstrap.servers = [localhost:29092, localhost:29093]
	check.crcs = true
	client.dns.lookup = use_all_dns_ips
	client.id = consumer-sofka-transaction-consumer-3
	client.rack = 
	connections.max.idle.ms = 540000
	default.api.timeout.ms = 60000
	enable.auto.commit = false
	enable.metrics.push = true
	exclude.internal.topics = true
	fetch.max.bytes = 52428800
	fetch.max.wait.ms = 500
	fetch.min.bytes = 1
	group.id = sofka-transaction-consumer
	group.instance.id = null
	group.protocol = classic
	group.remote.assignor = null
	heartbeat.interval.ms = 3000
	interceptor.classes = []
	internal.leave.group.on.close = true
	internal.throw.on.fetch.stable.offset.unsupported = false
	isolation.level = read_uncommitted
	key.deserializer = class org.apache.kafka.common.serialization.StringDeserializer
	max.partition.fetch.bytes = 1048576
	max.poll.interval.ms = 300000
	max.poll.records = 500
	metadata.max.age.ms = 300000
	metric.reporters = []
	metrics.num.samples = 2
	metrics.recording.level = INFO
	metrics.sample.window.ms = 30000
	partition.assignment.strategy = [class org.apache.kafka.clients.consumer.RangeAssignor, class org.apache.kafka.clients.consumer.CooperativeStickyAssignor]
	receive.buffer.bytes = 65536
	reconnect.backoff.max.ms = 1000
	reconnect.backoff.ms = 50
	request.timeout.ms = 30000
	retry.backoff.max.ms = 1000
	retry.backoff.ms = 100
	sasl.client.callback.handler.class = null
	sasl.jaas.config = null
	sasl.kerberos.kinit.cmd = /usr/bin/kinit
	sasl.kerberos.min.time.before.relogin = 60000
	sasl.kerberos.service.name = null
	sasl.kerberos.ticket.renew.jitter = 0.05
	sasl.kerberos.ticket.renew.window.factor = 0.8
	sasl.login.callback.handler.class = null
	sasl.login.class = null
	sasl.login.connect.timeout.ms = null
	sasl.login.read.timeout.ms = null
	sasl.login.refresh.buffer.seconds = 300
	sasl.login.refresh.min.period.seconds = 60
	sasl.login.refresh.window.factor = 0.8
	sasl.login.refresh.window.jitter = 0.05
	sasl.login.retry.backoff.max.ms = 10000
	sasl.login.retry.backoff.ms = 100
	sasl.mechanism = GSSAPI
	sasl.oauthbearer.clock.skew.seconds = 30
	sasl.oauthbearer.expected.audience = null
	sasl.oauthbearer.expected.issuer = null
	sasl.oauthbearer.jwks.endpoint.refresh.ms = 3600000
	sasl.oauthbearer.jwks.endpoint.retry.backoff.max.ms = 10000
	sasl.oauthbearer.jwks.endpoint.retry.backoff.ms = 100
	sasl.oauthbearer.jwks.endpoint.url = null
	sasl.oauthbearer.scope.claim.name = scope
	sasl.oauthbearer.sub.claim.name = sub
	sasl.oauthbearer.token.endpoint.url = null
	security.protocol = PLAINTEXT
	security.providers = null
	send.buffer.bytes = 131072
	session.timeout.ms = 45000
	socket.connection.setup.timeout.max.ms = 30000
	socket.connection.setup.timeout.ms = 10000
	ssl.cipher.suites = null
	ssl.enabled.protocols = [TLSv1.2, TLSv1.3]
	ssl.endpoint.identification.algorithm = https
	ssl.engine.factory.class = null
	ssl.key.password = null
	ssl.keymanager.algorithm = SunX509
	ssl.keystore.certificate.chain = null
	ssl.keystore.key = null
	ssl.keystore.location = null
	ssl.keystore.password = null
	ssl.keystore.type = JKS
	ssl.protocol = TLSv1.3
	ssl.provider = null
	ssl.secure.random.implementation = null
	ssl.trustmanager.algorithm = PKIX
	ssl.truststore.certificates = null
	ssl.truststore.location = null
	ssl.truststore.password = null
	ssl.truststore.type = JKS
	value.deserializer = class org.apache.kafka.common.serialization.StringDeserializer

2024-07-28T07:44:14.116-05:00  INFO 3672 --- [sofka-transaction-consumer] [           main] o.a.k.c.t.i.KafkaMetricsCollector        : initializing Kafka metrics collector
2024-07-28T07:44:14.124-05:00  INFO 3672 --- [sofka-transaction-consumer] [           main] o.a.kafka.common.utils.AppInfoParser     : Kafka version: 3.7.1
2024-07-28T07:44:14.125-05:00  INFO 3672 --- [sofka-transaction-consumer] [           main] o.a.kafka.common.utils.AppInfoParser     : Kafka commitId: e2494e6ffb89f828
2024-07-28T07:44:14.125-05:00  INFO 3672 --- [sofka-transaction-consumer] [           main] o.a.kafka.common.utils.AppInfoParser     : Kafka startTimeMs: 1722170654124
2024-07-28T07:44:14.125-05:00  INFO 3672 --- [sofka-transaction-consumer] [           main] o.a.k.c.c.internals.LegacyKafkaConsumer  : [Consumer clientId=consumer-sofka-transaction-consumer-3, groupId=sofka-transaction-consumer] Subscribed to topic(s): new-transaction
2024-07-28T07:44:14.126-05:00  INFO 3672 --- [sofka-transaction-consumer] [           main] o.a.k.clients.consumer.ConsumerConfig    : ConsumerConfig values: 
	allow.auto.create.topics = true
	auto.commit.interval.ms = 5000
	auto.include.jmx.reporter = true
	auto.offset.reset = earliest
	bootstrap.servers = [localhost:29092, localhost:29093]
	check.crcs = true
	client.dns.lookup = use_all_dns_ips
	client.id = consumer-sofka-transaction-consumer-4
	client.rack = 
	connections.max.idle.ms = 540000
	default.api.timeout.ms = 60000
	enable.auto.commit = false
	enable.metrics.push = true
	exclude.internal.topics = true
	fetch.max.bytes = 52428800
	fetch.max.wait.ms = 500
	fetch.min.bytes = 1
	group.id = sofka-transaction-consumer
	group.instance.id = null
	group.protocol = classic
	group.remote.assignor = null
	heartbeat.interval.ms = 3000
	interceptor.classes = []
	internal.leave.group.on.close = true
	internal.throw.on.fetch.stable.offset.unsupported = false
	isolation.level = read_uncommitted
	key.deserializer = class org.apache.kafka.common.serialization.StringDeserializer
	max.partition.fetch.bytes = 1048576
	max.poll.interval.ms = 300000
	max.poll.records = 500
	metadata.max.age.ms = 300000
	metric.reporters = []
	metrics.num.samples = 2
	metrics.recording.level = INFO
	metrics.sample.window.ms = 30000
	partition.assignment.strategy = [class org.apache.kafka.clients.consumer.RangeAssignor, class org.apache.kafka.clients.consumer.CooperativeStickyAssignor]
	receive.buffer.bytes = 65536
	reconnect.backoff.max.ms = 1000
	reconnect.backoff.ms = 50
	request.timeout.ms = 30000
	retry.backoff.max.ms = 1000
	retry.backoff.ms = 100
	sasl.client.callback.handler.class = null
	sasl.jaas.config = null
	sasl.kerberos.kinit.cmd = /usr/bin/kinit
	sasl.kerberos.min.time.before.relogin = 60000
	sasl.kerberos.service.name = null
	sasl.kerberos.ticket.renew.jitter = 0.05
	sasl.kerberos.ticket.renew.window.factor = 0.8
	sasl.login.callback.handler.class = null
	sasl.login.class = null
	sasl.login.connect.timeout.ms = null
	sasl.login.read.timeout.ms = null
	sasl.login.refresh.buffer.seconds = 300
	sasl.login.refresh.min.period.seconds = 60
	sasl.login.refresh.window.factor = 0.8
	sasl.login.refresh.window.jitter = 0.05
	sasl.login.retry.backoff.max.ms = 10000
	sasl.login.retry.backoff.ms = 100
	sasl.mechanism = GSSAPI
	sasl.oauthbearer.clock.skew.seconds = 30
	sasl.oauthbearer.expected.audience = null
	sasl.oauthbearer.expected.issuer = null
	sasl.oauthbearer.jwks.endpoint.refresh.ms = 3600000
	sasl.oauthbearer.jwks.endpoint.retry.backoff.max.ms = 10000
	sasl.oauthbearer.jwks.endpoint.retry.backoff.ms = 100
	sasl.oauthbearer.jwks.endpoint.url = null
	sasl.oauthbearer.scope.claim.name = scope
	sasl.oauthbearer.sub.claim.name = sub
	sasl.oauthbearer.token.endpoint.url = null
	security.protocol = PLAINTEXT
	security.providers = null
	send.buffer.bytes = 131072
	session.timeout.ms = 45000
	socket.connection.setup.timeout.max.ms = 30000
	socket.connection.setup.timeout.ms = 10000
	ssl.cipher.suites = null
	ssl.enabled.protocols = [TLSv1.2, TLSv1.3]
	ssl.endpoint.identification.algorithm = https
	ssl.engine.factory.class = null
	ssl.key.password = null
	ssl.keymanager.algorithm = SunX509
	ssl.keystore.certificate.chain = null
	ssl.keystore.key = null
	ssl.keystore.location = null
	ssl.keystore.password = null
	ssl.keystore.type = JKS
	ssl.protocol = TLSv1.3
	ssl.provider = null
	ssl.secure.random.implementation = null
	ssl.trustmanager.algorithm = PKIX
	ssl.truststore.certificates = null
	ssl.truststore.location = null
	ssl.truststore.password = null
	ssl.truststore.type = JKS
	value.deserializer = class org.apache.kafka.common.serialization.StringDeserializer

2024-07-28T07:44:14.128-05:00  INFO 3672 --- [sofka-transaction-consumer] [           main] o.a.k.c.t.i.KafkaMetricsCollector        : initializing Kafka metrics collector
2024-07-28T07:44:14.135-05:00  INFO 3672 --- [sofka-transaction-consumer] [           main] o.a.kafka.common.utils.AppInfoParser     : Kafka version: 3.7.1
2024-07-28T07:44:14.135-05:00  INFO 3672 --- [sofka-transaction-consumer] [           main] o.a.kafka.common.utils.AppInfoParser     : Kafka commitId: e2494e6ffb89f828
2024-07-28T07:44:14.135-05:00  INFO 3672 --- [sofka-transaction-consumer] [           main] o.a.kafka.common.utils.AppInfoParser     : Kafka startTimeMs: 1722170654135
2024-07-28T07:44:14.136-05:00  INFO 3672 --- [sofka-transaction-consumer] [           main] o.a.k.c.c.internals.LegacyKafkaConsumer  : [Consumer clientId=consumer-sofka-transaction-consumer-4, groupId=sofka-transaction-consumer] Subscribed to topic(s): transaction-counter
2024-07-28T07:44:14.144-05:00  INFO 3672 --- [sofka-transaction-consumer] [           main] SofkaTransactionConsumerApplicationTests : Started SofkaTransactionConsumerApplicationTests in 1.994 seconds (process running for 2.9)
2024-07-28T07:44:14.511-05:00  INFO 3672 --- [sofka-transaction-consumer] [ntainer#2-0-C-1] org.apache.kafka.clients.NetworkClient   : [Consumer clientId=consumer-sofka-transaction-consumer-1, groupId=sofka-transaction-consumer] Node -2 disconnected.
2024-07-28T07:44:14.511-05:00  INFO 3672 --- [sofka-transaction-consumer] [ntainer#0-0-C-1] org.apache.kafka.clients.NetworkClient   : [Consumer clientId=consumer-sofka-transaction-consumer-3, groupId=sofka-transaction-consumer] Node -2 disconnected.
2024-07-28T07:44:14.511-05:00  INFO 3672 --- [sofka-transaction-consumer] [ntainer#3-0-C-1] org.apache.kafka.clients.NetworkClient   : [Consumer clientId=consumer-sofka-transaction-consumer-2, groupId=sofka-transaction-consumer] Node -1 disconnected.
2024-07-28T07:44:14.511-05:00  INFO 3672 --- [sofka-transaction-consumer] [ntainer#1-0-C-1] org.apache.kafka.clients.NetworkClient   : [Consumer clientId=consumer-sofka-transaction-consumer-4, groupId=sofka-transaction-consumer] Node -1 disconnected.
2024-07-28T07:44:14.517-05:00  WARN 3672 --- [sofka-transaction-consumer] [ntainer#2-0-C-1] org.apache.kafka.clients.NetworkClient   : [Consumer clientId=consumer-sofka-transaction-consumer-1, groupId=sofka-transaction-consumer] Connection to node -2 (localhost/127.0.0.1:29093) could not be established. Node may not be available.
2024-07-28T07:44:14.517-05:00  WARN 3672 --- [sofka-transaction-consumer] [ntainer#1-0-C-1] org.apache.kafka.clients.NetworkClient   : [Consumer clientId=consumer-sofka-transaction-consumer-4, groupId=sofka-transaction-consumer] Connection to node -1 (localhost/127.0.0.1:29092) could not be established. Node may not be available.
2024-07-28T07:44:14.517-05:00  WARN 3672 --- [sofka-transaction-consumer] [ntainer#3-0-C-1] org.apache.kafka.clients.NetworkClient   : [Consumer clientId=consumer-sofka-transaction-consumer-2, groupId=sofka-transaction-consumer] Connection to node -1 (localhost/127.0.0.1:29092) could not be established. Node may not be available.
2024-07-28T07:44:14.518-05:00  WARN 3672 --- [sofka-transaction-consumer] [ntainer#2-0-C-1] org.apache.kafka.clients.NetworkClient   : [Consumer clientId=consumer-sofka-transaction-consumer-1, groupId=sofka-transaction-consumer] Bootstrap broker localhost:29093 (id: -2 rack: null) disconnected
2024-07-28T07:44:14.518-05:00  WARN 3672 --- [sofka-transaction-consumer] [ntainer#1-0-C-1] org.apache.kafka.clients.NetworkClient   : [Consumer clientId=consumer-sofka-transaction-consumer-4, groupId=sofka-transaction-consumer] Bootstrap broker localhost:29092 (id: -1 rack: null) disconnected
2024-07-28T07:44:14.518-05:00  WARN 3672 --- [sofka-transaction-consumer] [ntainer#3-0-C-1] org.apache.kafka.clients.NetworkClient   : [Consumer clientId=consumer-sofka-transaction-consumer-2, groupId=sofka-transaction-consumer] Bootstrap broker localhost:29092 (id: -1 rack: null) disconnected
2024-07-28T07:44:14.519-05:00  WARN 3672 --- [sofka-transaction-consumer] [ntainer#0-0-C-1] org.apache.kafka.clients.NetworkClient   : [Consumer clientId=consumer-sofka-transaction-consumer-3, groupId=sofka-transaction-consumer] Connection to node -2 (localhost/127.0.0.1:29093) could not be established. Node may not be available.
2024-07-28T07:44:14.519-05:00  WARN 3672 --- [sofka-transaction-consumer] [ntainer#0-0-C-1] org.apache.kafka.clients.NetworkClient   : [Consumer clientId=consumer-sofka-transaction-consumer-3, groupId=sofka-transaction-consumer] Bootstrap broker localhost:29093 (id: -2 rack: null) disconnected
2024-07-28T07:44:14.622-05:00  INFO 3672 --- [sofka-transaction-consumer] [ntainer#1-0-C-1] org.apache.kafka.clients.NetworkClient   : [Consumer clientId=consumer-sofka-transaction-consumer-4, groupId=sofka-transaction-consumer] Node -2 disconnected.
2024-07-28T07:44:14.622-05:00  WARN 3672 --- [sofka-transaction-consumer] [ntainer#1-0-C-1] org.apache.kafka.clients.NetworkClient   : [Consumer clientId=consumer-sofka-transaction-consumer-4, groupId=sofka-transaction-consumer] Connection to node -2 (localhost/127.0.0.1:29093) could not be established. Node may not be available.
2024-07-28T07:44:14.622-05:00  WARN 3672 --- [sofka-transaction-consumer] [ntainer#1-0-C-1] org.apache.kafka.clients.NetworkClient   : [Consumer clientId=consumer-sofka-transaction-consumer-4, groupId=sofka-transaction-consumer] Bootstrap broker localhost:29093 (id: -2 rack: null) disconnected
2024-07-28T07:44:14.623-05:00  INFO 3672 --- [sofka-transaction-consumer] [ntainer#1-0-C-1] org.apache.kafka.clients.NetworkClient   : [Consumer clientId=consumer-sofka-transaction-consumer-4, groupId=sofka-transaction-consumer] Node -1 disconnected.
2024-07-28T07:44:14.624-05:00  WARN 3672 --- [sofka-transaction-consumer] [ntainer#1-0-C-1] org.apache.kafka.clients.NetworkClient   : [Consumer clientId=consumer-sofka-transaction-consumer-4, groupId=sofka-transaction-consumer] Connection to node -1 (localhost/127.0.0.1:29092) could not be established. Node may not be available.
2024-07-28T07:44:14.624-05:00  WARN 3672 --- [sofka-transaction-consumer] [ntainer#1-0-C-1] org.apache.kafka.clients.NetworkClient   : [Consumer clientId=consumer-sofka-transaction-consumer-4, groupId=sofka-transaction-consumer] Bootstrap broker localhost:29092 (id: -1 rack: null) disconnected
2024-07-28T07:44:14.645-05:00  INFO 3672 --- [sofka-transaction-consumer] [ntainer#3-0-C-1] org.apache.kafka.clients.NetworkClient   : [Consumer clientId=consumer-sofka-transaction-consumer-2, groupId=sofka-transaction-consumer] Node -2 disconnected.
2024-07-28T07:44:14.645-05:00  INFO 3672 --- [sofka-transaction-consumer] [ntainer#2-0-C-1] org.apache.kafka.clients.NetworkClient   : [Consumer clientId=consumer-sofka-transaction-consumer-1, groupId=sofka-transaction-consumer] Node -1 disconnected.
2024-07-28T07:44:14.645-05:00  WARN 3672 --- [sofka-transaction-consumer] [ntainer#3-0-C-1] org.apache.kafka.clients.NetworkClient   : [Consumer clientId=consumer-sofka-transaction-consumer-2, groupId=sofka-transaction-consumer] Connection to node -2 (localhost/127.0.0.1:29093) could not be established. Node may not be available.
2024-07-28T07:44:14.645-05:00  WARN 3672 --- [sofka-transaction-consumer] [ntainer#2-0-C-1] org.apache.kafka.clients.NetworkClient   : [Consumer clientId=consumer-sofka-transaction-consumer-1, groupId=sofka-transaction-consumer] Connection to node -1 (localhost/127.0.0.1:29092) could not be established. Node may not be available.
2024-07-28T07:44:14.645-05:00  WARN 3672 --- [sofka-transaction-consumer] [ntainer#3-0-C-1] org.apache.kafka.clients.NetworkClient   : [Consumer clientId=consumer-sofka-transaction-consumer-2, groupId=sofka-transaction-consumer] Bootstrap broker localhost:29093 (id: -2 rack: null) disconnected
2024-07-28T07:44:14.645-05:00  WARN 3672 --- [sofka-transaction-consumer] [ntainer#2-0-C-1] org.apache.kafka.clients.NetworkClient   : [Consumer clientId=consumer-sofka-transaction-consumer-1, groupId=sofka-transaction-consumer] Bootstrap broker localhost:29092 (id: -1 rack: null) disconnected
2024-07-28T07:44:14.646-05:00  INFO 3672 --- [sofka-transaction-consumer] [ntainer#2-0-C-1] org.apache.kafka.clients.NetworkClient   : [Consumer clientId=consumer-sofka-transaction-consumer-1, groupId=sofka-transaction-consumer] Node -2 disconnected.
2024-07-28T07:44:14.646-05:00  INFO 3672 --- [sofka-transaction-consumer] [ntainer#3-0-C-1] org.apache.kafka.clients.NetworkClient   : [Consumer clientId=consumer-sofka-transaction-consumer-2, groupId=sofka-transaction-consumer] Node -1 disconnected.
2024-07-28T07:44:14.646-05:00  WARN 3672 --- [sofka-transaction-consumer] [ntainer#2-0-C-1] org.apache.kafka.clients.NetworkClient   : [Consumer clientId=consumer-sofka-transaction-consumer-1, groupId=sofka-transaction-consumer] Connection to node -2 (localhost/127.0.0.1:29093) could not be established. Node may not be available.
2024-07-28T07:44:14.646-05:00  WARN 3672 --- [sofka-transaction-consumer] [ntainer#3-0-C-1] org.apache.kafka.clients.NetworkClient   : [Consumer clientId=consumer-sofka-transaction-consumer-2, groupId=sofka-transaction-consumer] Connection to node -1 (localhost/127.0.0.1:29092) could not be established. Node may not be available.
2024-07-28T07:44:14.646-05:00  WARN 3672 --- [sofka-transaction-consumer] [ntainer#2-0-C-1] org.apache.kafka.clients.NetworkClient   : [Consumer clientId=consumer-sofka-transaction-consumer-1, groupId=sofka-transaction-consumer] Bootstrap broker localhost:29093 (id: -2 rack: null) disconnected
2024-07-28T07:44:14.646-05:00  WARN 3672 --- [sofka-transaction-consumer] [ntainer#3-0-C-1] org.apache.kafka.clients.NetworkClient   : [Consumer clientId=consumer-sofka-transaction-consumer-2, groupId=sofka-transaction-consumer] Bootstrap broker localhost:29092 (id: -1 rack: null) disconnected
2024-07-28T07:44:14.646-05:00  INFO 3672 --- [sofka-transaction-consumer] [ntainer#0-0-C-1] org.apache.kafka.clients.NetworkClient   : [Consumer clientId=consumer-sofka-transaction-consumer-3, groupId=sofka-transaction-consumer] Node -1 disconnected.
2024-07-28T07:44:14.646-05:00  WARN 3672 --- [sofka-transaction-consumer] [ntainer#0-0-C-1] org.apache.kafka.clients.NetworkClient   : [Consumer clientId=consumer-sofka-transaction-consumer-3, groupId=sofka-transaction-consumer] Connection to node -1 (localhost/127.0.0.1:29092) could not be established. Node may not be available.
2024-07-28T07:44:14.646-05:00  WARN 3672 --- [sofka-transaction-consumer] [ntainer#0-0-C-1] org.apache.kafka.clients.NetworkClient   : [Consumer clientId=consumer-sofka-transaction-consumer-3, groupId=sofka-transaction-consumer] Bootstrap broker localhost:29092 (id: -1 rack: null) disconnected
2024-07-28T07:44:14.648-05:00  INFO 3672 --- [sofka-transaction-consumer] [ntainer#0-0-C-1] org.apache.kafka.clients.NetworkClient   : [Consumer clientId=consumer-sofka-transaction-consumer-3, groupId=sofka-transaction-consumer] Node -2 disconnected.
2024-07-28T07:44:14.648-05:00  WARN 3672 --- [sofka-transaction-consumer] [ntainer#0-0-C-1] org.apache.kafka.clients.NetworkClient   : [Consumer clientId=consumer-sofka-transaction-consumer-3, groupId=sofka-transaction-consumer] Connection to node -2 (localhost/127.0.0.1:29093) could not be established. Node may not be available.
2024-07-28T07:44:14.648-05:00  WARN 3672 --- [sofka-transaction-consumer] [ntainer#0-0-C-1] org.apache.kafka.clients.NetworkClient   : [Consumer clientId=consumer-sofka-transaction-consumer-3, groupId=sofka-transaction-consumer] Bootstrap broker localhost:29093 (id: -2 rack: null) disconnected
2024-07-28T07:44:14.675-05:00  INFO 3672 --- [sofka-transaction-consumer] [ntainer#1-0-C-1] org.apache.kafka.clients.NetworkClient   : [Consumer clientId=consumer-sofka-transaction-consumer-4, groupId=sofka-transaction-consumer] Node -2 disconnected.
2024-07-28T07:44:14.676-05:00  WARN 3672 --- [sofka-transaction-consumer] [ntainer#1-0-C-1] org.apache.kafka.clients.NetworkClient   : [Consumer clientId=consumer-sofka-transaction-consumer-4, groupId=sofka-transaction-consumer] Connection to node -2 (localhost/127.0.0.1:29093) could not be established. Node may not be available.
2024-07-28T07:44:14.676-05:00  WARN 3672 --- [sofka-transaction-consumer] [ntainer#1-0-C-1] org.apache.kafka.clients.NetworkClient   : [Consumer clientId=consumer-sofka-transaction-consumer-4, groupId=sofka-transaction-consumer] Bootstrap broker localhost:29093 (id: -2 rack: null) disconnected
2024-07-28T07:44:14.698-05:00  INFO 3672 --- [sofka-transaction-consumer] [ntainer#3-0-C-1] org.apache.kafka.clients.NetworkClient   : [Consumer clientId=consumer-sofka-transaction-consumer-2, groupId=sofka-transaction-consumer] Node -2 disconnected.
2024-07-28T07:44:14.699-05:00  WARN 3672 --- [sofka-transaction-consumer] [ntainer#3-0-C-1] org.apache.kafka.clients.NetworkClient   : [Consumer clientId=consumer-sofka-transaction-consumer-2, groupId=sofka-transaction-consumer] Connection to node -2 (localhost/127.0.0.1:29093) could not be established. Node may not be available.
2024-07-28T07:44:14.699-05:00  WARN 3672 --- [sofka-transaction-consumer] [ntainer#3-0-C-1] org.apache.kafka.clients.NetworkClient   : [Consumer clientId=consumer-sofka-transaction-consumer-2, groupId=sofka-transaction-consumer] Bootstrap broker localhost:29093 (id: -2 rack: null) disconnected
2024-07-28T07:44:14.714-05:00  INFO 3672 --- [sofka-transaction-consumer] [ntainer#0-0-C-1] org.apache.kafka.clients.NetworkClient   : [Consumer clientId=consumer-sofka-transaction-consumer-3, groupId=sofka-transaction-consumer] Node -1 disconnected.
2024-07-28T07:44:14.715-05:00  WARN 3672 --- [sofka-transaction-consumer] [ntainer#0-0-C-1] org.apache.kafka.clients.NetworkClient   : [Consumer clientId=consumer-sofka-transaction-consumer-3, groupId=sofka-transaction-consumer] Connection to node -1 (localhost/127.0.0.1:29092) could not be established. Node may not be available.
2024-07-28T07:44:14.715-05:00  WARN 3672 --- [sofka-transaction-consumer] [ntainer#0-0-C-1] org.apache.kafka.clients.NetworkClient   : [Consumer clientId=consumer-sofka-transaction-consumer-3, groupId=sofka-transaction-consumer] Bootstrap broker localhost:29092 (id: -1 rack: null) disconnected
2024-07-28T07:44:14.761-05:00  INFO 3672 --- [sofka-transaction-consumer] [ntainer#3-0-C-1] org.apache.kafka.clients.NetworkClient   : [Consumer clientId=consumer-sofka-transaction-consumer-2, groupId=sofka-transaction-consumer] Node -1 disconnected.
2024-07-28T07:44:14.761-05:00  INFO 3672 --- [sofka-transaction-consumer] [ntainer#2-0-C-1] org.apache.kafka.clients.NetworkClient   : [Consumer clientId=consumer-sofka-transaction-consumer-1, groupId=sofka-transaction-consumer] Node -1 disconnected.
2024-07-28T07:44:14.761-05:00  WARN 3672 --- [sofka-transaction-consumer] [ntainer#3-0-C-1] org.apache.kafka.clients.NetworkClient   : [Consumer clientId=consumer-sofka-transaction-consumer-2, groupId=sofka-transaction-consumer] Connection to node -1 (localhost/127.0.0.1:29092) could not be established. Node may not be available.
2024-07-28T07:44:14.761-05:00  WARN 3672 --- [sofka-transaction-consumer] [ntainer#2-0-C-1] org.apache.kafka.clients.NetworkClient   : [Consumer clientId=consumer-sofka-transaction-consumer-1, groupId=sofka-transaction-consumer] Connection to node -1 (localhost/127.0.0.1:29092) could not be established. Node may not be available.
2024-07-28T07:44:14.761-05:00  WARN 3672 --- [sofka-transaction-consumer] [ntainer#3-0-C-1] org.apache.kafka.clients.NetworkClient   : [Consumer clientId=consumer-sofka-transaction-consumer-2, groupId=sofka-transaction-consumer] Bootstrap broker localhost:29092 (id: -1 rack: null) disconnected
2024-07-28T07:44:14.761-05:00  WARN 3672 --- [sofka-transaction-consumer] [ntainer#2-0-C-1] org.apache.kafka.clients.NetworkClient   : [Consumer clientId=consumer-sofka-transaction-consumer-1, groupId=sofka-transaction-consumer] Bootstrap broker localhost:29092 (id: -1 rack: null) disconnected
2024-07-28T07:44:14.762-05:00  INFO 3672 --- [sofka-transaction-consumer] [ntainer#2-0-C-1] org.apache.kafka.clients.NetworkClient   : [Consumer clientId=consumer-sofka-transaction-consumer-1, groupId=sofka-transaction-consumer] Node -2 disconnected.
2024-07-28T07:44:14.762-05:00  WARN 3672 --- [sofka-transaction-consumer] [ntainer#2-0-C-1] org.apache.kafka.clients.NetworkClient   : [Consumer clientId=consumer-sofka-transaction-consumer-1, groupId=sofka-transaction-consumer] Connection to node -2 (localhost/127.0.0.1:29093) could not be established. Node may not be available.
2024-07-28T07:44:14.762-05:00  WARN 3672 --- [sofka-transaction-consumer] [ntainer#2-0-C-1] org.apache.kafka.clients.NetworkClient   : [Consumer clientId=consumer-sofka-transaction-consumer-1, groupId=sofka-transaction-consumer] Bootstrap broker localhost:29093 (id: -2 rack: null) disconnected
2024-07-28T07:44:14.776-05:00  INFO 3672 --- [sofka-transaction-consumer] [ntainer#0-0-C-1] org.apache.kafka.clients.NetworkClient   : [Consumer clientId=consumer-sofka-transaction-consumer-3, groupId=sofka-transaction-consumer] Node -2 disconnected.
2024-07-28T07:44:14.776-05:00  WARN 3672 --- [sofka-transaction-consumer] [ntainer#0-0-C-1] org.apache.kafka.clients.NetworkClient   : [Consumer clientId=consumer-sofka-transaction-consumer-3, groupId=sofka-transaction-consumer] Connection to node -2 (localhost/127.0.0.1:29093) could not be established. Node may not be available.
2024-07-28T07:44:14.776-05:00  WARN 3672 --- [sofka-transaction-consumer] [ntainer#0-0-C-1] org.apache.kafka.clients.NetworkClient   : [Consumer clientId=consumer-sofka-transaction-consumer-3, groupId=sofka-transaction-consumer] Bootstrap broker localhost:29093 (id: -2 rack: null) disconnected
2024-07-28T07:44:14.792-05:00  INFO 3672 --- [sofka-transaction-consumer] [ntainer#1-0-C-1] org.apache.kafka.clients.NetworkClient   : [Consumer clientId=consumer-sofka-transaction-consumer-4, groupId=sofka-transaction-consumer] Node -1 disconnected.
2024-07-28T07:44:14.792-05:00  WARN 3672 --- [sofka-transaction-consumer] [ntainer#1-0-C-1] org.apache.kafka.clients.NetworkClient   : [Consumer clientId=consumer-sofka-transaction-consumer-4, groupId=sofka-transaction-consumer] Connection to node -1 (localhost/127.0.0.1:29092) could not be established. Node may not be available.
2024-07-28T07:44:14.792-05:00  WARN 3672 --- [sofka-transaction-consumer] [ntainer#1-0-C-1] org.apache.kafka.clients.NetworkClient   : [Consumer clientId=consumer-sofka-transaction-consumer-4, groupId=sofka-transaction-consumer] Bootstrap broker localhost:29092 (id: -1 rack: null) disconnected
2024-07-28T07:44:14.793-05:00  INFO 3672 --- [sofka-transaction-consumer] [ntainer#1-0-C-1] org.apache.kafka.clients.NetworkClient   : [Consumer clientId=consumer-sofka-transaction-consumer-4, groupId=sofka-transaction-consumer] Node -2 disconnected.
2024-07-28T07:44:14.793-05:00  WARN 3672 --- [sofka-transaction-consumer] [ntainer#1-0-C-1] org.apache.kafka.clients.NetworkClient   : [Consumer clientId=consumer-sofka-transaction-consumer-4, groupId=sofka-transaction-consumer] Connection to node -2 (localhost/127.0.0.1:29093) could not be established. Node may not be available.
2024-07-28T07:44:14.793-05:00  WARN 3672 --- [sofka-transaction-consumer] [ntainer#1-0-C-1] org.apache.kafka.clients.NetworkClient   : [Consumer clientId=consumer-sofka-transaction-consumer-4, groupId=sofka-transaction-consumer] Bootstrap broker localhost:29093 (id: -2 rack: null) disconnected
2024-07-28T07:44:14.823-05:00  INFO 3672 --- [sofka-transaction-consumer] [ntainer#3-0-C-1] org.apache.kafka.clients.NetworkClient   : [Consumer clientId=consumer-sofka-transaction-consumer-2, groupId=sofka-transaction-consumer] Node -2 disconnected.
2024-07-28T07:44:14.823-05:00  WARN 3672 --- [sofka-transaction-consumer] [ntainer#3-0-C-1] org.apache.kafka.clients.NetworkClient   : [Consumer clientId=consumer-sofka-transaction-consumer-2, groupId=sofka-transaction-consumer] Connection to node -2 (localhost/127.0.0.1:29093) could not be established. Node may not be available.
2024-07-28T07:44:14.823-05:00  WARN 3672 --- [sofka-transaction-consumer] [ntainer#3-0-C-1] org.apache.kafka.clients.NetworkClient   : [Consumer clientId=consumer-sofka-transaction-consumer-2, groupId=sofka-transaction-consumer] Bootstrap broker localhost:29093 (id: -2 rack: null) disconnected
2024-07-28T07:44:14.838-05:00  INFO 3672 --- [sofka-transaction-consumer] [ntainer#0-0-C-1] org.apache.kafka.clients.NetworkClient   : [Consumer clientId=consumer-sofka-transaction-consumer-3, groupId=sofka-transaction-consumer] Node -1 disconnected.
2024-07-28T07:44:14.839-05:00  WARN 3672 --- [sofka-transaction-consumer] [ntainer#0-0-C-1] org.apache.kafka.clients.NetworkClient   : [Consumer clientId=consumer-sofka-transaction-consumer-3, groupId=sofka-transaction-consumer] Connection to node -1 (localhost/127.0.0.1:29092) could not be established. Node may not be available.
2024-07-28T07:44:14.839-05:00  WARN 3672 --- [sofka-transaction-consumer] [ntainer#0-0-C-1] org.apache.kafka.clients.NetworkClient   : [Consumer clientId=consumer-sofka-transaction-consumer-3, groupId=sofka-transaction-consumer] Bootstrap broker localhost:29092 (id: -1 rack: null) disconnected
2024-07-28T07:44:14.885-05:00  INFO 3672 --- [sofka-transaction-consumer] [ntainer#2-0-C-1] org.apache.kafka.clients.NetworkClient   : [Consumer clientId=consumer-sofka-transaction-consumer-1, groupId=sofka-transaction-consumer] Node -1 disconnected.
2024-07-28T07:44:14.885-05:00  WARN 3672 --- [sofka-transaction-consumer] [ntainer#2-0-C-1] org.apache.kafka.clients.NetworkClient   : [Consumer clientId=consumer-sofka-transaction-consumer-1, groupId=sofka-transaction-consumer] Connection to node -1 (localhost/127.0.0.1:29092) could not be established. Node may not be available.
2024-07-28T07:44:14.885-05:00  WARN 3672 --- [sofka-transaction-consumer] [ntainer#2-0-C-1] org.apache.kafka.clients.NetworkClient   : [Consumer clientId=consumer-sofka-transaction-consumer-1, groupId=sofka-transaction-consumer] Bootstrap broker localhost:29092 (id: -1 rack: null) disconnected
2024-07-28T07:44:14.978-05:00  INFO 3672 --- [sofka-transaction-consumer] [ntainer#3-0-C-1] org.apache.kafka.clients.NetworkClient   : [Consumer clientId=consumer-sofka-transaction-consumer-2, groupId=sofka-transaction-consumer] Node -1 disconnected.
2024-07-28T07:44:14.978-05:00  WARN 3672 --- [sofka-transaction-consumer] [ntainer#3-0-C-1] org.apache.kafka.clients.NetworkClient   : [Consumer clientId=consumer-sofka-transaction-consumer-2, groupId=sofka-transaction-consumer] Connection to node -1 (localhost/127.0.0.1:29092) could not be established. Node may not be available.
2024-07-28T07:44:14.978-05:00  WARN 3672 --- [sofka-transaction-consumer] [ntainer#3-0-C-1] org.apache.kafka.clients.NetworkClient   : [Consumer clientId=consumer-sofka-transaction-consumer-2, groupId=sofka-transaction-consumer] Bootstrap broker localhost:29092 (id: -1 rack: null) disconnected
2024-07-28T07:44:15.008-05:00  INFO 3672 --- [sofka-transaction-consumer] [ntainer#2-0-C-1] org.apache.kafka.clients.NetworkClient   : [Consumer clientId=consumer-sofka-transaction-consumer-1, groupId=sofka-transaction-consumer] Node -2 disconnected.
2024-07-28T07:44:15.009-05:00  WARN 3672 --- [sofka-transaction-consumer] [ntainer#2-0-C-1] org.apache.kafka.clients.NetworkClient   : [Consumer clientId=consumer-sofka-transaction-consumer-1, groupId=sofka-transaction-consumer] Connection to node -2 (localhost/127.0.0.1:29093) could not be established. Node may not be available.
2024-07-28T07:44:15.009-05:00  WARN 3672 --- [sofka-transaction-consumer] [ntainer#2-0-C-1] org.apache.kafka.clients.NetworkClient   : [Consumer clientId=consumer-sofka-transaction-consumer-1, groupId=sofka-transaction-consumer] Bootstrap broker localhost:29093 (id: -2 rack: null) disconnected
2024-07-28T07:44:15.024-05:00  INFO 3672 --- [sofka-transaction-consumer] [ntainer#0-0-C-1] org.apache.kafka.clients.NetworkClient   : [Consumer clientId=consumer-sofka-transaction-consumer-3, groupId=sofka-transaction-consumer] Node -2 disconnected.
2024-07-28T07:44:15.024-05:00  WARN 3672 --- [sofka-transaction-consumer] [ntainer#0-0-C-1] org.apache.kafka.clients.NetworkClient   : [Consumer clientId=consumer-sofka-transaction-consumer-3, groupId=sofka-transaction-consumer] Connection to node -2 (localhost/127.0.0.1:29093) could not be established. Node may not be available.
2024-07-28T07:44:15.024-05:00  WARN 3672 --- [sofka-transaction-consumer] [ntainer#0-0-C-1] org.apache.kafka.clients.NetworkClient   : [Consumer clientId=consumer-sofka-transaction-consumer-3, groupId=sofka-transaction-consumer] Bootstrap broker localhost:29093 (id: -2 rack: null) disconnected
2024-07-28T07:44:15.039-05:00  INFO 3672 --- [sofka-transaction-consumer] [ntainer#1-0-C-1] org.apache.kafka.clients.NetworkClient   : [Consumer clientId=consumer-sofka-transaction-consumer-4, groupId=sofka-transaction-consumer] Node -1 disconnected.
2024-07-28T07:44:15.039-05:00  INFO 3672 --- [sofka-transaction-consumer] [ntainer#3-0-C-1] org.apache.kafka.clients.NetworkClient   : [Consumer clientId=consumer-sofka-transaction-consumer-2, groupId=sofka-transaction-consumer] Node -2 disconnected.
2024-07-28T07:44:15.040-05:00  WARN 3672 --- [sofka-transaction-consumer] [ntainer#3-0-C-1] org.apache.kafka.clients.NetworkClient   : [Consumer clientId=consumer-sofka-transaction-consumer-2, groupId=sofka-transaction-consumer] Connection to node -2 (localhost/127.0.0.1:29093) could not be established. Node may not be available.
2024-07-28T07:44:15.040-05:00  WARN 3672 --- [sofka-transaction-consumer] [ntainer#1-0-C-1] org.apache.kafka.clients.NetworkClient   : [Consumer clientId=consumer-sofka-transaction-consumer-4, groupId=sofka-transaction-consumer] Connection to node -1 (localhost/127.0.0.1:29092) could not be established. Node may not be available.
2024-07-28T07:44:15.040-05:00  WARN 3672 --- [sofka-transaction-consumer] [ntainer#3-0-C-1] org.apache.kafka.clients.NetworkClient   : [Consumer clientId=consumer-sofka-transaction-consumer-2, groupId=sofka-transaction-consumer] Bootstrap broker localhost:29093 (id: -2 rack: null) disconnected
2024-07-28T07:44:15.040-05:00  WARN 3672 --- [sofka-transaction-consumer] [ntainer#1-0-C-1] org.apache.kafka.clients.NetworkClient   : [Consumer clientId=consumer-sofka-transaction-consumer-4, groupId=sofka-transaction-consumer] Bootstrap broker localhost:29092 (id: -1 rack: null) disconnected
2024-07-28T07:44:15.040-05:00  INFO 3672 --- [sofka-transaction-consumer] [ntainer#1-0-C-1] org.apache.kafka.clients.NetworkClient   : [Consumer clientId=consumer-sofka-transaction-consumer-4, groupId=sofka-transaction-consumer] Node -2 disconnected.
2024-07-28T07:44:15.041-05:00  WARN 3672 --- [sofka-transaction-consumer] [ntainer#1-0-C-1] org.apache.kafka.clients.NetworkClient   : [Consumer clientId=consumer-sofka-transaction-consumer-4, groupId=sofka-transaction-consumer] Connection to node -2 (localhost/127.0.0.1:29093) could not be established. Node may not be available.
2024-07-28T07:44:15.041-05:00  WARN 3672 --- [sofka-transaction-consumer] [ntainer#1-0-C-1] org.apache.kafka.clients.NetworkClient   : [Consumer clientId=consumer-sofka-transaction-consumer-4, groupId=sofka-transaction-consumer] Bootstrap broker localhost:29093 (id: -2 rack: null) disconnected
]]></system-out>
    <system-err><![CDATA[jul. 28, 2024 7:44:11 A. M. org.junit.platform.launcher.core.LauncherConfigurationParameters loadClasspathResource
WARNING: Discovered 2 'junit-platform.properties' configuration files in the classpath; only the first will be used.
jul. 28, 2024 7:44:11 A. M. org.junit.platform.launcher.core.LauncherConfigurationParameters loadClasspathResource
WARNING: Discovered 2 'junit-platform.properties' configuration files in the classpath; only the first will be used.
jul. 28, 2024 7:44:11 A. M. org.junit.platform.launcher.core.LauncherConfigurationParameters loadClasspathResource
WARNING: Discovered 2 'junit-platform.properties' configuration files in the classpath; only the first will be used.
]]></system-err>
  </testcase>
</testsuite>